# JRE version: Java(TM) SE Runtime Environment (7.0_79-b15) (build 1.7.0_79-b15)
# Java VM: Java HotSpot(TM) 64-Bit Server VM (24.79-b02 mixed mode bsd-amd64 compressed oops)
Heap
 PSYoungGen      total 72704K, used 8645K [0x00000007d5500000, 0x00000007da100000, 0x0000000800000000)
  eden space 67584K, 12% used [0x00000007d5500000,0x00000007d5d51788,0x00000007d9700000)
  from space 5120K, 2% used [0x00000007d9c00000,0x00000007d9c20000,0x00000007da100000)
  to   space 5120K, 0% used [0x00000007d9700000,0x00000007d9700000,0x00000007d9c00000)
 ParOldGen       total 113152K, used 45008K [0x0000000780000000, 0x0000000786e80000, 0x00000007d5500000)
  object space 113152K, 39% used [0x0000000780000000,0x0000000782bf43f8,0x0000000786e80000)
 PSPermGen       total 28160K, used 13858K [0x000000077ae00000, 0x000000077c980000, 0x0000000780000000)
  object space 28160K, 49% used [0x000000077ae00000,0x000000077bb88b30,0x000000077c980000)
GC Heap History (10 events):
Event: 1.973 GC heap before
{Heap before GC invocations=1 (full 0):
 PSYoungGen      total 38912K, used 33792K [0x00000007d5500000, 0x00000007d8000000, 0x0000000800000000)
  eden space 33792K, 100% used [0x00000007d5500000,0x00000007d7600000,0x00000007d7600000)
  from space 5120K, 0% used [0x00000007d7b00000,0x00000007d7b00000,0x00000007d8000000)
  to   space 5120K, 0% used [0x00000007d7600000,0x00000007d7600000,0x00000007d7b00000)
 ParOldGen       total 87040K, used 0K [0x0000000780000000, 0x0000000785500000, 0x00000007d5500000)
  object space 87040K, 0% used [0x0000000780000000,0x0000000780000000,0x0000000785500000)
 PSPermGen       total 21504K, used 12463K [0x000000077ae00000, 0x000000077c300000, 0x0000000780000000)
  object space 21504K, 57% used [0x000000077ae00000,0x000000077ba2bf38,0x000000077c300000)
Event: 1.980 GC heap after
Heap after GC invocations=1 (full 0):
 PSYoungGen      total 38912K, used 5096K [0x00000007d5500000, 0x00000007d8000000, 0x0000000800000000)
  eden space 33792K, 0% used [0x00000007d5500000,0x00000007d5500000,0x00000007d7600000)
  from space 5120K, 99% used [0x00000007d7600000,0x00000007d7afa1f0,0x00000007d7b00000)
  to   space 5120K, 0% used [0x00000007d7b00000,0x00000007d7b00000,0x00000007d8000000)
 ParOldGen       total 87040K, used 1358K [0x0000000780000000, 0x0000000785500000, 0x00000007d5500000)
  object space 87040K, 1% used [0x0000000780000000,0x0000000780153810,0x0000000785500000)
 PSPermGen       total 21504K, used 12463K [0x000000077ae00000, 0x000000077c300000, 0x0000000780000000)
  object space 21504K, 57% used [0x000000077ae00000,0x000000077ba2bf38,0x000000077c300000)
}
Event: 2.450 GC heap before
{Heap before GC invocations=2 (full 0):
 PSYoungGen      total 38912K, used 36488K [0x00000007d5500000, 0x00000007d8000000, 0x0000000800000000)
  eden space 33792K, 92% used [0x00000007d5500000,0x00000007d73a7f98,0x00000007d7600000)
  from space 5120K, 99% used [0x00000007d7600000,0x00000007d7afa1f0,0x00000007d7b00000)
  to   space 5120K, 0% used [0x00000007d7b00000,0x00000007d7b00000,0x00000007d8000000)
 ParOldGen       total 87040K, used 1358K [0x0000000780000000, 0x0000000785500000, 0x00000007d5500000)
  object space 87040K, 1% used [0x0000000780000000,0x0000000780153810,0x0000000785500000)
 PSPermGen       total 21504K, used 13650K [0x000000077ae00000, 0x000000077c300000, 0x0000000780000000)
  object space 21504K, 63% used [0x000000077ae00000,0x000000077bb54980,0x000000077c300000)
Event: 2.472 GC heap after
Heap after GC invocations=2 (full 0):
 PSYoungGen      total 38912K, used 5112K [0x00000007d5500000, 0x00000007da100000, 0x0000000800000000)
  eden space 33792K, 0% used [0x00000007d5500000,0x00000007d5500000,0x00000007d7600000)
  from space 5120K, 99% used [0x00000007d7b00000,0x00000007d7ffe2e0,0x00000007d8000000)
  to   space 5120K, 0% used [0x00000007d7600000,0x00000007d7600000,0x00000007d7b00000)
 ParOldGen       total 87040K, used 32062K [0x0000000780000000, 0x0000000785500000, 0x00000007d5500000)
  object space 87040K, 36% used [0x0000000780000000,0x0000000781f4fa40,0x0000000785500000)
 PSPermGen       total 21504K, used 13650K [0x000000077ae00000, 0x000000077c300000, 0x0000000780000000)
  object space 21504K, 63% used [0x000000077ae00000,0x000000077bb54980,0x000000077c300000)
}
Event: 14239.608 GC heap before
{Heap before GC invocations=3 (full 0):
 PSYoungGen      total 38912K, used 36338K [0x00000007d5500000, 0x00000007da100000, 0x0000000800000000)
  eden space 33792K, 92% used [0x00000007d5500000,0x00000007d737e6e8,0x00000007d7600000)
  from space 5120K, 99% used [0x00000007d7b00000,0x00000007d7ffe2e0,0x00000007d8000000)
  to   space 5120K, 0% used [0x00000007d7600000,0x00000007d7600000,0x00000007d7b00000)
 ParOldGen       total 87040K, used 32062K [0x0000000780000000, 0x0000000785500000, 0x00000007d5500000)
  object space 87040K, 36% used [0x0000000780000000,0x0000000781f4fa40,0x0000000785500000)
 PSPermGen       total 21504K, used 13871K [0x000000077ae00000, 0x000000077c300000, 0x0000000780000000)
  object space 21504K, 64% used [0x000000077ae00000,0x000000077bb8bd40,0x000000077c300000)
Event: 14239.670 GC heap after
Heap after GC invocations=3 (full 0):
 PSYoungGen      total 38912K, used 5090K [0x00000007d5500000, 0x00000007da100000, 0x0000000800000000)
  eden space 33792K, 0% used [0x00000007d5500000,0x00000007d5500000,0x00000007d7600000)
  from space 5120K, 99% used [0x00000007d7600000,0x00000007d7af8b20,0x00000007d7b00000)
  to   space 5120K, 0% used [0x00000007d9c00000,0x00000007d9c00000,0x00000007da100000)
 ParOldGen       total 87040K, used 76096K [0x0000000780000000, 0x0000000785500000, 0x00000007d5500000)
  object space 87040K, 87% used [0x0000000780000000,0x0000000784a50108,0x0000000785500000)
 PSPermGen       total 21504K, used 13871K [0x000000077ae00000, 0x000000077c300000, 0x0000000780000000)
  object space 21504K, 64% used [0x000000077ae00000,0x000000077bb8bd40,0x000000077c300000)
}
Event: 14239.670 GC heap before
{Heap before GC invocations=4 (full 1):
 PSYoungGen      total 38912K, used 5090K [0x00000007d5500000, 0x00000007da100000, 0x0000000800000000)
  eden space 33792K, 0% used [0x00000007d5500000,0x00000007d5500000,0x00000007d7600000)
  from space 5120K, 99% used [0x00000007d7600000,0x00000007d7af8b20,0x00000007d7b00000)
  to   space 5120K, 0% used [0x00000007d9c00000,0x00000007d9c00000,0x00000007da100000)
 ParOldGen       total 87040K, used 76096K [0x0000000780000000, 0x0000000785500000, 0x00000007d5500000)
  object space 87040K, 87% used [0x0000000780000000,0x0000000784a50108,0x0000000785500000)
 PSPermGen       total 21504K, used 13871K [0x000000077ae00000, 0x000000077c300000, 0x0000000780000000)
  object space 21504K, 64% used [0x000000077ae00000,0x000000077bb8bd40,0x000000077c300000)
Event: 14239.737 GC heap after
Heap after GC invocations=4 (full 1):
 PSYoungGen      total 38912K, used 0K [0x00000007d5500000, 0x00000007da100000, 0x0000000800000000)
  eden space 33792K, 0% used [0x00000007d5500000,0x00000007d5500000,0x00000007d7600000)
  from space 5120K, 0% used [0x00000007d7600000,0x00000007d7600000,0x00000007d7b00000)
  to   space 5120K, 0% used [0x00000007d9c00000,0x00000007d9c00000,0x00000007da100000)
 ParOldGen       total 113152K, used 20056K [0x0000000780000000, 0x0000000786e80000, 0x00000007d5500000)
  object space 113152K, 17% used [0x0000000780000000,0x00000007813961c8,0x0000000786e80000)
 PSPermGen       total 28160K, used 13858K [0x000000077ae00000, 0x000000077c980000, 0x0000000780000000)
  object space 28160K, 49% used [0x000000077ae00000,0x000000077bb88880,0x000000077c980000)
}
Event: 21726.880 GC heap before
{Heap before GC invocations=5 (full 1):
 PSYoungGen      total 38912K, used 33662K [0x00000007d5500000, 0x00000007da100000, 0x0000000800000000)
  eden space 33792K, 99% used [0x00000007d5500000,0x00000007d75df988,0x00000007d7600000)
  from space 5120K, 0% used [0x00000007d7600000,0x00000007d7600000,0x00000007d7b00000)
  to   space 5120K, 0% used [0x00000007d9c00000,0x00000007d9c00000,0x00000007da100000)
 ParOldGen       total 113152K, used 20056K [0x0000000780000000, 0x0000000786e80000, 0x00000007d5500000)
  object space 113152K, 17% used [0x0000000780000000,0x00000007813961c8,0x0000000786e80000)
 PSPermGen       total 28160K, used 13858K [0x000000077ae00000, 0x000000077c980000, 0x0000000780000000)
  object space 28160K, 49% used [0x000000077ae00000,0x000000077bb88b30,0x000000077c980000)
Event: 21726.903 GC heap after
Heap after GC invocations=5 (full 1):
 PSYoungGen      total 72704K, used 128K [0x00000007d5500000, 0x00000007da100000, 0x0000000800000000)
  eden space 67584K, 0% used [0x00000007d5500000,0x00000007d5500000,0x00000007d9700000)
  from space 5120K, 2% used [0x00000007d9c00000,0x00000007d9c20000,0x00000007da100000)
  to   space 5120K, 0% used [0x00000007d9700000,0x00000007d9700000,0x00000007d9c00000)
 ParOldGen       total 113152K, used 45008K [0x0000000780000000, 0x0000000786e80000, 0x00000007d5500000)
  object space 113152K, 39% used [0x0000000780000000,0x0000000782bf43f8,0x0000000786e80000)
 PSPermGen       total 28160K, used 13858K [0x000000077ae00000, 0x000000077c980000, 0x0000000780000000)
  object space 28160K, 49% used [0x000000077ae00000,0x000000077bb88b30,0x000000077c980000)
}

