# JRE version: Java(TM) SE Runtime Environment (7.0_79-b15) (build 1.7.0_79-b15)
# Java VM: Java HotSpot(TM) 64-Bit Server VM (24.79-b02 mixed mode bsd-amd64 compressed oops)
Heap
 PSYoungGen      total 46592K, used 19746K [0x00000007d5500000, 0x00000007d9880000, 0x0000000800000000)
  eden space 28160K, 13% used [0x00000007d5500000,0x00000007d58cbc50,0x00000007d7080000)
  from space 18432K, 86% used [0x00000007d8400000,0x00000007d937ce70,0x00000007d9600000)
  to   space 19968K, 0% used [0x00000007d7080000,0x00000007d7080000,0x00000007d8400000)
 ParOldGen       total 87040K, used 40995K [0x0000000780000000, 0x0000000785500000, 0x00000007d5500000)
  object space 87040K, 47% used [0x0000000780000000,0x0000000782808d00,0x0000000785500000)
 PSPermGen       total 23552K, used 23078K [0x000000077ae00000, 0x000000077c500000, 0x0000000780000000)
  object space 23552K, 97% used [0x000000077ae00000,0x000000077c4899d0,0x000000077c500000)
GC Heap History (10 events):
Event: 1455.805 GC heap before
{Heap before GC invocations=8 (full 0):
 PSYoungGen      total 48128K, used 46463K [0x00000007d5500000, 0x00000007d9680000, 0x0000000800000000)
  eden space 32256K, 100% used [0x00000007d5500000,0x00000007d7480000,0x00000007d7480000)
  from space 15872K, 89% used [0x00000007d7500000,0x00000007d82dfc60,0x00000007d8480000)
  to   space 17408K, 0% used [0x00000007d8580000,0x00000007d8580000,0x00000007d9680000)
 ParOldGen       total 87040K, used 26077K [0x0000000780000000, 0x0000000785500000, 0x00000007d5500000)
  object space 87040K, 29% used [0x0000000780000000,0x0000000781977450,0x0000000785500000)
 PSPermGen       total 23040K, used 22936K [0x000000077ae00000, 0x000000077c480000, 0x0000000780000000)
  object space 23040K, 99% used [0x000000077ae00000,0x000000077c4660d0,0x000000077c480000)
Event: 1455.826 GC heap after
Heap after GC invocations=8 (full 0):
 PSYoungGen      total 48640K, used 14367K [0x00000007d5500000, 0x00000007d9800000, 0x0000000800000000)
  eden space 31232K, 0% used [0x00000007d5500000,0x00000007d5500000,0x00000007d7380000)
  from space 17408K, 82% used [0x00000007d8580000,0x00000007d9387c60,0x00000007d9680000)
  to   space 18432K, 0% used [0x00000007d7380000,0x00000007d7380000,0x00000007d8580000)
 ParOldGen       total 87040K, used 27349K [0x0000000780000000, 0x0000000785500000, 0x00000007d5500000)
  object space 87040K, 31% used [0x0000000780000000,0x0000000781ab5450,0x0000000785500000)
 PSPermGen       total 23040K, used 22936K [0x000000077ae00000, 0x000000077c480000, 0x0000000780000000)
  object space 23040K, 99% used [0x000000077ae00000,0x000000077c4660d0,0x000000077c480000)
}
Event: 2725.875 GC heap before
{Heap before GC invocations=9 (full 0):
 PSYoungGen      total 48640K, used 45599K [0x00000007d5500000, 0x00000007d9800000, 0x0000000800000000)
  eden space 31232K, 100% used [0x00000007d5500000,0x00000007d7380000,0x00000007d7380000)
  from space 17408K, 82% used [0x00000007d8580000,0x00000007d9387c60,0x00000007d9680000)
  to   space 18432K, 0% used [0x00000007d7380000,0x00000007d7380000,0x00000007d8580000)
 ParOldGen       total 87040K, used 27349K [0x0000000780000000, 0x0000000785500000, 0x00000007d5500000)
  object space 87040K, 31% used [0x0000000780000000,0x0000000781ab5450,0x0000000785500000)
 PSPermGen       total 23040K, used 23005K [0x000000077ae00000, 0x000000077c480000, 0x0000000780000000)
  object space 23040K, 99% used [0x000000077ae00000,0x000000077c4776f8,0x000000077c480000)
Event: 2725.886 GC heap after
Heap after GC invocations=9 (full 0):
 PSYoungGen      total 39424K, used 8293K [0x00000007d5500000, 0x00000007d9600000, 0x0000000800000000)
  eden space 30720K, 0% used [0x00000007d5500000,0x00000007d5500000,0x00000007d7300000)
  from space 8704K, 95% used [0x00000007d7380000,0x00000007d7b994c0,0x00000007d7c00000)
  to   space 17920K, 0% used [0x00000007d8480000,0x00000007d8480000,0x00000007d9600000)
 ParOldGen       total 87040K, used 32020K [0x0000000780000000, 0x0000000785500000, 0x00000007d5500000)
  object space 87040K, 36% used [0x0000000780000000,0x0000000781f450a0,0x0000000785500000)
 PSPermGen       total 23040K, used 23005K [0x000000077ae00000, 0x000000077c480000, 0x0000000780000000)
  object space 23040K, 99% used [0x000000077ae00000,0x000000077c4776f8,0x000000077c480000)
}
Event: 2727.511 GC heap before
{Heap before GC invocations=10 (full 0):
 PSYoungGen      total 39424K, used 37038K [0x00000007d5500000, 0x00000007d9600000, 0x0000000800000000)
  eden space 30720K, 93% used [0x00000007d5500000,0x00000007d71124b0,0x00000007d7300000)
  from space 8704K, 95% used [0x00000007d7380000,0x00000007d7b994c0,0x00000007d7c00000)
  to   space 17920K, 0% used [0x00000007d8480000,0x00000007d8480000,0x00000007d9600000)
 ParOldGen       total 87040K, used 32020K [0x0000000780000000, 0x0000000785500000, 0x00000007d5500000)
  object space 87040K, 36% used [0x0000000780000000,0x0000000781f450a0,0x0000000785500000)
 PSPermGen       total 23040K, used 23012K [0x000000077ae00000, 0x000000077c480000, 0x0000000780000000)
  object space 23040K, 99% used [0x000000077ae00000,0x000000077c479038,0x000000077c480000)
Event: 2727.518 GC heap after
Heap after GC invocations=10 (full 0):
 PSYoungGen      total 48128K, used 4382K [0x00000007d5500000, 0x00000007d9680000, 0x0000000800000000)
  eden space 30208K, 0% used [0x00000007d5500000,0x00000007d5500000,0x00000007d7280000)
  from space 17920K, 24% used [0x00000007d8480000,0x00000007d88c78b8,0x00000007d9600000)
  to   space 18432K, 0% used [0x00000007d7280000,0x00000007d7280000,0x00000007d8480000)
 ParOldGen       total 87040K, used 34828K [0x0000000780000000, 0x0000000785500000, 0x00000007d5500000)
  object space 87040K, 40% used [0x0000000780000000,0x00000007822030b0,0x0000000785500000)
 PSPermGen       total 23040K, used 23012K [0x000000077ae00000, 0x000000077c480000, 0x0000000780000000)
  object space 23040K, 99% used [0x000000077ae00000,0x000000077c479038,0x000000077c480000)
}
Event: 2923.284 GC heap before
{Heap before GC invocations=11 (full 0):
 PSYoungGen      total 48128K, used 34590K [0x00000007d5500000, 0x00000007d9680000, 0x0000000800000000)
  eden space 30208K, 100% used [0x00000007d5500000,0x00000007d7280000,0x00000007d7280000)
  from space 17920K, 24% used [0x00000007d8480000,0x00000007d88c78b8,0x00000007d9600000)
  to   space 18432K, 0% used [0x00000007d7280000,0x00000007d7280000,0x00000007d8480000)
 ParOldGen       total 87040K, used 34828K [0x0000000780000000, 0x0000000785500000, 0x00000007d5500000)
  object space 87040K, 40% used [0x0000000780000000,0x00000007822030b0,0x0000000785500000)
 PSPermGen       total 23040K, used 23034K [0x000000077ae00000, 0x000000077c480000, 0x0000000780000000)
  object space 23040K, 99% used [0x000000077ae00000,0x000000077c47ebf0,0x000000077c480000)
Event: 2923.291 GC heap after
Heap after GC invocations=11 (full 0):
 PSYoungGen      total 32768K, used 2656K [0x00000007d5500000, 0x00000007d9600000, 0x0000000800000000)
  eden space 29696K, 0% used [0x00000007d5500000,0x00000007d5500000,0x00000007d7200000)
  from space 3072K, 86% used [0x00000007d7280000,0x00000007d7518000,0x00000007d7580000)
  to   space 18432K, 0% used [0x00000007d8400000,0x00000007d8400000,0x00000007d9600000)
 ParOldGen       total 87040K, used 36444K [0x0000000780000000, 0x0000000785500000, 0x00000007d5500000)
  object space 87040K, 41% used [0x0000000780000000,0x00000007823970b0,0x0000000785500000)
 PSPermGen       total 23040K, used 23034K [0x000000077ae00000, 0x000000077c480000, 0x0000000780000000)
  object space 23040K, 99% used [0x000000077ae00000,0x000000077c47ebf0,0x000000077c480000)
}
Event: 17524.049 GC heap before
{Heap before GC invocations=12 (full 0):
 PSYoungGen      total 32768K, used 30602K [0x00000007d5500000, 0x00000007d9600000, 0x0000000800000000)
  eden space 29696K, 94% used [0x00000007d5500000,0x00000007d704a800,0x00000007d7200000)
  from space 3072K, 86% used [0x00000007d7280000,0x00000007d7518000,0x00000007d7580000)
  to   space 18432K, 0% used [0x00000007d8400000,0x00000007d8400000,0x00000007d9600000)
 ParOldGen       total 87040K, used 36444K [0x0000000780000000, 0x0000000785500000, 0x00000007d5500000)
  object space 87040K, 41% used [0x0000000780000000,0x00000007823970b0,0x0000000785500000)
 PSPermGen       total 23552K, used 23078K [0x000000077ae00000, 0x000000077c500000, 0x0000000780000000)
  object space 23552K, 97% used [0x000000077ae00000,0x000000077c4899d0,0x000000077c500000)
Event: 17524.071 GC heap after
Heap after GC invocations=12 (full 0):
 PSYoungGen      total 46592K, used 15859K [0x00000007d5500000, 0x00000007d9880000, 0x0000000800000000)
  eden space 28160K, 0% used [0x00000007d5500000,0x00000007d5500000,0x00000007d7080000)
  from space 18432K, 86% used [0x00000007d8400000,0x00000007d937ce70,0x00000007d9600000)
  to   space 19968K, 0% used [0x00000007d7080000,0x00000007d7080000,0x00000007d8400000)
 ParOldGen       total 87040K, used 40995K [0x0000000780000000, 0x0000000785500000, 0x00000007d5500000)
  object space 87040K, 47% used [0x0000000780000000,0x0000000782808d00,0x0000000785500000)
 PSPermGen       total 23552K, used 23078K [0x000000077ae00000, 0x000000077c500000, 0x0000000780000000)
  object space 23552K, 97% used [0x000000077ae00000,0x000000077c4899d0,0x000000077c500000)
}

