# JRE version: Java(TM) SE Runtime Environment (7.0_79-b15) (build 1.7.0_79-b15)
# Java VM: Java HotSpot(TM) 64-Bit Server VM (24.79-b02 mixed mode bsd-amd64 compressed oops)
Heap
 PSYoungGen      total 84992K, used 8835K [0x00000007d5500000, 0x00000007dc800000, 0x0000000800000000)
  eden space 59392K, 14% used [0x00000007d5500000,0x00000007d5da0ee8,0x00000007d8f00000)
  from space 25600K, 0% used [0x00000007d9080000,0x00000007d9080000,0x00000007da980000)
  to   space 29184K, 0% used [0x00000007dab80000,0x00000007dab80000,0x00000007dc800000)
 ParOldGen       total 81920K, used 29854K [0x0000000780000000, 0x0000000785000000, 0x00000007d5500000)
  object space 81920K, 36% used [0x0000000780000000,0x0000000781d27b78,0x0000000785000000)
 PSPermGen       total 48640K, used 24131K [0x000000077ae00000, 0x000000077dd80000, 0x0000000780000000)
  object space 48640K, 49% used [0x000000077ae00000,0x000000077c590c20,0x000000077dd80000)
GC Heap History (10 events):
Event: 505.707 GC heap before
{Heap before GC invocations=6 (full 0):
 PSYoungGen      total 70656K, used 64135K [0x00000007d5500000, 0x00000007db800000, 0x0000000800000000)
  eden space 65536K, 90% used [0x00000007d5500000,0x00000007d8ea1f70,0x00000007d9500000)
  from space 5120K, 100% used [0x00000007d9700000,0x00000007d9c00000,0x00000007d9c00000)
  to   space 17920K, 0% used [0x00000007da680000,0x00000007da680000,0x00000007db800000)
 ParOldGen       total 87040K, used 40845K [0x0000000780000000, 0x0000000785500000, 0x00000007d5500000)
  object space 87040K, 46% used [0x0000000780000000,0x00000007827e3688,0x0000000785500000)
 PSPermGen       total 23552K, used 23433K [0x000000077ae00000, 0x000000077c500000, 0x0000000780000000)
  object space 23552K, 99% used [0x000000077ae00000,0x000000077c4e2718,0x000000077c500000)
Event: 505.724 GC heap after
Heap after GC invocations=6 (full 0):
 PSYoungGen      total 82432K, used 12760K [0x00000007d5500000, 0x00000007dfa00000, 0x0000000800000000)
  eden space 64512K, 0% used [0x00000007d5500000,0x00000007d5500000,0x00000007d9400000)
  from space 17920K, 71% used [0x00000007da680000,0x00000007db2f6140,0x00000007db800000)
  to   space 18944K, 0% used [0x00000007d9400000,0x00000007d9400000,0x00000007da680000)
 ParOldGen       total 87040K, used 40853K [0x0000000780000000, 0x0000000785500000, 0x00000007d5500000)
  object space 87040K, 46% used [0x0000000780000000,0x00000007827e5688,0x0000000785500000)
 PSPermGen       total 23552K, used 23433K [0x000000077ae00000, 0x000000077c500000, 0x0000000780000000)
  object space 23552K, 99% used [0x000000077ae00000,0x000000077c4e2718,0x000000077c500000)
}
Event: 537.935 GC heap before
{Heap before GC invocations=7 (full 0):
 PSYoungGen      total 82432K, used 77272K [0x00000007d5500000, 0x00000007dfa00000, 0x0000000800000000)
  eden space 64512K, 100% used [0x00000007d5500000,0x00000007d9400000,0x00000007d9400000)
  from space 17920K, 71% used [0x00000007da680000,0x00000007db2f6140,0x00000007db800000)
  to   space 18944K, 0% used [0x00000007d9400000,0x00000007d9400000,0x00000007da680000)
 ParOldGen       total 87040K, used 40853K [0x0000000780000000, 0x0000000785500000, 0x00000007d5500000)
  object space 87040K, 46% used [0x0000000780000000,0x00000007827e5688,0x0000000785500000)
 PSPermGen       total 24064K, used 23614K [0x000000077ae00000, 0x000000077c580000, 0x0000000780000000)
  object space 24064K, 98% used [0x000000077ae00000,0x000000077c50fbb8,0x000000077c580000)
Event: 537.972 GC heap after
Heap after GC invocations=7 (full 0):
 PSYoungGen      total 81408K, used 18928K [0x00000007d5500000, 0x00000007dc200000, 0x0000000800000000)
  eden space 62464K, 0% used [0x00000007d5500000,0x00000007d5500000,0x00000007d9200000)
  from space 18944K, 99% used [0x00000007d9400000,0x00000007da67c280,0x00000007da680000)
  to   space 24576K, 0% used [0x00000007daa00000,0x00000007daa00000,0x00000007dc200000)
 ParOldGen       total 87040K, used 45432K [0x0000000780000000, 0x0000000785500000, 0x00000007d5500000)
  object space 87040K, 52% used [0x0000000780000000,0x0000000782c5e3a8,0x0000000785500000)
 PSPermGen       total 24064K, used 23614K [0x000000077ae00000, 0x000000077c580000, 0x0000000780000000)
  object space 24064K, 98% used [0x000000077ae00000,0x000000077c50fbb8,0x000000077c580000)
}
Event: 1756.726 GC heap before
{Heap before GC invocations=8 (full 0):
 PSYoungGen      total 81408K, used 80888K [0x00000007d5500000, 0x00000007dc200000, 0x0000000800000000)
  eden space 62464K, 99% used [0x00000007d5500000,0x00000007d9181f50,0x00000007d9200000)
  from space 18944K, 99% used [0x00000007d9400000,0x00000007da67c280,0x00000007da680000)
  to   space 24576K, 0% used [0x00000007daa00000,0x00000007daa00000,0x00000007dc200000)
 ParOldGen       total 87040K, used 45432K [0x0000000780000000, 0x0000000785500000, 0x00000007d5500000)
  object space 87040K, 52% used [0x0000000780000000,0x0000000782c5e3a8,0x0000000785500000)
 PSPermGen       total 24576K, used 24197K [0x000000077ae00000, 0x000000077c600000, 0x0000000780000000)
  object space 24576K, 98% used [0x000000077ae00000,0x000000077c5a1558,0x000000077c600000)
Event: 1756.767 GC heap after
Heap after GC invocations=8 (full 0):
 PSYoungGen      total 85504K, used 17899K [0x00000007d5500000, 0x00000007dc280000, 0x0000000800000000)
  eden space 60928K, 0% used [0x00000007d5500000,0x00000007d5500000,0x00000007d9080000)
  from space 24576K, 72% used [0x00000007daa00000,0x00000007dbb7acf0,0x00000007dc200000)
  to   space 25600K, 0% used [0x00000007d9080000,0x00000007d9080000,0x00000007da980000)
 ParOldGen       total 87040K, used 61881K [0x0000000780000000, 0x0000000785500000, 0x00000007d5500000)
  object space 87040K, 71% used [0x0000000780000000,0x0000000783c6e608,0x0000000785500000)
 PSPermGen       total 24576K, used 24197K [0x000000077ae00000, 0x000000077c600000, 0x0000000780000000)
  object space 24576K, 98% used [0x000000077ae00000,0x000000077c5a1558,0x000000077c600000)
}
Event: 5917.888 GC heap before
{Heap before GC invocations=9 (full 0):
 PSYoungGen      total 85504K, used 76965K [0x00000007d5500000, 0x00000007dc280000, 0x0000000800000000)
  eden space 60928K, 96% used [0x00000007d5500000,0x00000007d8eaeab8,0x00000007d9080000)
  from space 24576K, 72% used [0x00000007daa00000,0x00000007dbb7acf0,0x00000007dc200000)
  to   space 25600K, 0% used [0x00000007d9080000,0x00000007d9080000,0x00000007da980000)
 ParOldGen       total 87040K, used 61881K [0x0000000780000000, 0x0000000785500000, 0x00000007d5500000)
  object space 87040K, 71% used [0x0000000780000000,0x0000000783c6e608,0x0000000785500000)
 PSPermGen       total 24576K, used 24251K [0x000000077ae00000, 0x000000077c600000, 0x0000000780000000)
  object space 24576K, 98% used [0x000000077ae00000,0x000000077c5aecd0,0x000000077c600000)
Event: 5917.931 GC heap after
Heap after GC invocations=9 (full 0):
 PSYoungGen      total 84992K, used 24142K [0x00000007d5500000, 0x00000007dc800000, 0x0000000800000000)
  eden space 59392K, 0% used [0x00000007d5500000,0x00000007d5500000,0x00000007d8f00000)
  from space 25600K, 94% used [0x00000007d9080000,0x00000007da8138f0,0x00000007da980000)
  to   space 29184K, 0% used [0x00000007dab80000,0x00000007dab80000,0x00000007dc800000)
 ParOldGen       total 87040K, used 71353K [0x0000000780000000, 0x0000000785500000, 0x00000007d5500000)
  object space 87040K, 81% used [0x0000000780000000,0x00000007845ae738,0x0000000785500000)
 PSPermGen       total 24576K, used 24251K [0x000000077ae00000, 0x000000077c600000, 0x0000000780000000)
  object space 24576K, 98% used [0x000000077ae00000,0x000000077c5aecd0,0x000000077c600000)
}
Event: 5917.931 GC heap before
{Heap before GC invocations=10 (full 1):
 PSYoungGen      total 84992K, used 24142K [0x00000007d5500000, 0x00000007dc800000, 0x0000000800000000)
  eden space 59392K, 0% used [0x00000007d5500000,0x00000007d5500000,0x00000007d8f00000)
  from space 25600K, 94% used [0x00000007d9080000,0x00000007da8138f0,0x00000007da980000)
  to   space 29184K, 0% used [0x00000007dab80000,0x00000007dab80000,0x00000007dc800000)
 ParOldGen       total 87040K, used 71353K [0x0000000780000000, 0x0000000785500000, 0x00000007d5500000)
  object space 87040K, 81% used [0x0000000780000000,0x00000007845ae738,0x0000000785500000)
 PSPermGen       total 24576K, used 24251K [0x000000077ae00000, 0x000000077c600000, 0x0000000780000000)
  object space 24576K, 98% used [0x000000077ae00000,0x000000077c5aecd0,0x000000077c600000)
Event: 5918.263 GC heap after
Heap after GC invocations=10 (full 1):
 PSYoungGen      total 84992K, used 0K [0x00000007d5500000, 0x00000007dc800000, 0x0000000800000000)
  eden space 59392K, 0% used [0x00000007d5500000,0x00000007d5500000,0x00000007d8f00000)
  from space 25600K, 0% used [0x00000007d9080000,0x00000007d9080000,0x00000007da980000)
  to   space 29184K, 0% used [0x00000007dab80000,0x00000007dab80000,0x00000007dc800000)
 ParOldGen       total 81920K, used 29854K [0x0000000780000000, 0x0000000785000000, 0x00000007d5500000)
  object space 81920K, 36% used [0x0000000780000000,0x0000000781d27b78,0x0000000785000000)
 PSPermGen       total 48640K, used 24131K [0x000000077ae00000, 0x000000077dd80000, 0x0000000780000000)
  object space 48640K, 49% used [0x000000077ae00000,0x000000077c590c20,0x000000077dd80000)
}

