# JRE version: Java(TM) SE Runtime Environment (7.0_79-b15) (build 1.7.0_79-b15)
# Java VM: Java HotSpot(TM) 64-Bit Server VM (24.79-b02 mixed mode bsd-amd64 compressed oops)
Heap
 PSYoungGen      total 229888K, used 41413K [0x00000007d5500000, 0x00000007e6180000, 0x0000000800000000)
  eden space 192512K, 5% used [0x00000007d5500000,0x00000007d5ef04b0,0x00000007e1100000)
  from space 37376K, 83% used [0x00000007e3800000,0x00000007e5680fa8,0x00000007e5c80000)
  to   space 39936K, 0% used [0x00000007e1100000,0x00000007e1100000,0x00000007e3800000)
 ParOldGen       total 87040K, used 56006K [0x0000000780000000, 0x0000000785500000, 0x00000007d5500000)
  object space 87040K, 64% used [0x0000000780000000,0x00000007836b1b38,0x0000000785500000)
 PSPermGen       total 24576K, used 24408K [0x000000077ae00000, 0x000000077c600000, 0x0000000780000000)
  object space 24576K, 99% used [0x000000077ae00000,0x000000077c5d61f0,0x000000077c600000)
GC Heap History (10 events):
Event: 76.940 GC heap before
{Heap before GC invocations=6 (full 0):
 PSYoungGen      total 38912K, used 36631K [0x00000007d5500000, 0x00000007dcb00000, 0x0000000800000000)
  eden space 33792K, 93% used [0x00000007d5500000,0x00000007d73cdcf0,0x00000007d7600000)
  from space 5120K, 99% used [0x00000007d7600000,0x00000007d7af8100,0x00000007d7b00000)
  to   space 26624K, 0% used [0x00000007db100000,0x00000007db100000,0x00000007dcb00000)
 ParOldGen       total 87040K, used 48129K [0x0000000780000000, 0x0000000785500000, 0x00000007d5500000)
  object space 87040K, 55% used [0x0000000780000000,0x0000000782f004f8,0x0000000785500000)
 PSPermGen       total 24064K, used 23646K [0x000000077ae00000, 0x000000077c580000, 0x0000000780000000)
  object space 24064K, 98% used [0x000000077ae00000,0x000000077c517a48,0x000000077c580000)
Event: 76.962 GC heap after
Heap after GC invocations=6 (full 0):
 PSYoungGen      total 89088K, used 26452K [0x00000007d5500000, 0x00000007dd500000, 0x0000000800000000)
  eden space 62464K, 0% used [0x00000007d5500000,0x00000007d5500000,0x00000007d9200000)
  from space 26624K, 99% used [0x00000007db100000,0x00000007dcad53e0,0x00000007dcb00000)
  to   space 31744K, 0% used [0x00000007d9200000,0x00000007d9200000,0x00000007db100000)
 ParOldGen       total 87040K, used 48129K [0x0000000780000000, 0x0000000785500000, 0x00000007d5500000)
  object space 87040K, 55% used [0x0000000780000000,0x0000000782f004f8,0x0000000785500000)
 PSPermGen       total 24064K, used 23646K [0x000000077ae00000, 0x000000077c580000, 0x0000000780000000)
  object space 24064K, 98% used [0x000000077ae00000,0x000000077c517a48,0x000000077c580000)
}
Event: 144.752 GC heap before
{Heap before GC invocations=7 (full 0):
 PSYoungGen      total 89088K, used 88916K [0x00000007d5500000, 0x00000007dd500000, 0x0000000800000000)
  eden space 62464K, 100% used [0x00000007d5500000,0x00000007d9200000,0x00000007d9200000)
  from space 26624K, 99% used [0x00000007db100000,0x00000007dcad53e0,0x00000007dcb00000)
  to   space 31744K, 0% used [0x00000007d9200000,0x00000007d9200000,0x00000007db100000)
 ParOldGen       total 87040K, used 48129K [0x0000000780000000, 0x0000000785500000, 0x00000007d5500000)
  object space 87040K, 55% used [0x0000000780000000,0x0000000782f004f8,0x0000000785500000)
 PSPermGen       total 24064K, used 23832K [0x000000077ae00000, 0x000000077c580000, 0x0000000780000000)
  object space 24064K, 99% used [0x000000077ae00000,0x000000077c5463e8,0x000000077c580000)
Event: 144.772 GC heap after
Heap after GC invocations=7 (full 0):
 PSYoungGen      total 94208K, used 12414K [0x00000007d5500000, 0x00000007e0a00000, 0x0000000800000000)
  eden space 62464K, 0% used [0x00000007d5500000,0x00000007d5500000,0x00000007d9200000)
  from space 31744K, 39% used [0x00000007d9200000,0x00000007d9e1fb70,0x00000007db100000)
  to   space 30208K, 0% used [0x00000007dec80000,0x00000007dec80000,0x00000007e0a00000)
 ParOldGen       total 87040K, used 52286K [0x0000000780000000, 0x0000000785500000, 0x00000007d5500000)
  object space 87040K, 60% used [0x0000000780000000,0x000000078330fb38,0x0000000785500000)
 PSPermGen       total 24064K, used 23832K [0x000000077ae00000, 0x000000077c580000, 0x0000000780000000)
  object space 24064K, 99% used [0x000000077ae00000,0x000000077c5463e8,0x000000077c580000)
}
Event: 239.094 GC heap before
{Heap before GC invocations=8 (full 0):
 PSYoungGen      total 94208K, used 74878K [0x00000007d5500000, 0x00000007e0a00000, 0x0000000800000000)
  eden space 62464K, 100% used [0x00000007d5500000,0x00000007d9200000,0x00000007d9200000)
  from space 31744K, 39% used [0x00000007d9200000,0x00000007d9e1fb70,0x00000007db100000)
  to   space 30208K, 0% used [0x00000007dec80000,0x00000007dec80000,0x00000007e0a00000)
 ParOldGen       total 87040K, used 52286K [0x0000000780000000, 0x0000000785500000, 0x00000007d5500000)
  object space 87040K, 60% used [0x0000000780000000,0x000000078330fb38,0x0000000785500000)
 PSPermGen       total 24576K, used 24210K [0x000000077ae00000, 0x000000077c600000, 0x0000000780000000)
  object space 24576K, 98% used [0x000000077ae00000,0x000000077c5a4968,0x000000077c600000)
Event: 239.117 GC heap after
Heap after GC invocations=8 (full 0):
 PSYoungGen      total 152064K, used 26505K [0x00000007d5500000, 0x00000007e1000000, 0x0000000800000000)
  eden space 121856K, 0% used [0x00000007d5500000,0x00000007d5500000,0x00000007dcc00000)
  from space 30208K, 87% used [0x00000007dec80000,0x00000007e0662750,0x00000007e0a00000)
  to   space 33280K, 0% used [0x00000007dcc00000,0x00000007dcc00000,0x00000007dec80000)
 ParOldGen       total 87040K, used 53182K [0x0000000780000000, 0x0000000785500000, 0x00000007d5500000)
  object space 87040K, 61% used [0x0000000780000000,0x00000007833efb38,0x0000000785500000)
 PSPermGen       total 24576K, used 24210K [0x000000077ae00000, 0x000000077c600000, 0x0000000780000000)
  object space 24576K, 98% used [0x000000077ae00000,0x000000077c5a4968,0x000000077c600000)
}
Event: 11401.143 GC heap before
{Heap before GC invocations=9 (full 0):
 PSYoungGen      total 152064K, used 148361K [0x00000007d5500000, 0x00000007e1000000, 0x0000000800000000)
  eden space 121856K, 100% used [0x00000007d5500000,0x00000007dcc00000,0x00000007dcc00000)
  from space 30208K, 87% used [0x00000007dec80000,0x00000007e0662750,0x00000007e0a00000)
  to   space 33280K, 0% used [0x00000007dcc00000,0x00000007dcc00000,0x00000007dec80000)
 ParOldGen       total 87040K, used 53182K [0x0000000780000000, 0x0000000785500000, 0x00000007d5500000)
  object space 87040K, 61% used [0x0000000780000000,0x00000007833efb38,0x0000000785500000)
 PSPermGen       total 24576K, used 24373K [0x000000077ae00000, 0x000000077c600000, 0x0000000780000000)
  object space 24576K, 99% used [0x000000077ae00000,0x000000077c5cd540,0x000000077c600000)
Event: 11401.304 GC heap after
Heap after GC invocations=9 (full 0):
 PSYoungGen      total 155136K, used 31753K [0x00000007d5500000, 0x00000007e5c80000, 0x0000000800000000)
  eden space 121856K, 0% used [0x00000007d5500000,0x00000007d5500000,0x00000007dcc00000)
  from space 33280K, 95% used [0x00000007dcc00000,0x00000007deb026c0,0x00000007dec80000)
  to   space 37376K, 0% used [0x00000007e3800000,0x00000007e3800000,0x00000007e5c80000)
 ParOldGen       total 87040K, used 53302K [0x0000000780000000, 0x0000000785500000, 0x00000007d5500000)
  object space 87040K, 61% used [0x0000000780000000,0x000000078340db38,0x0000000785500000)
 PSPermGen       total 24576K, used 24373K [0x000000077ae00000, 0x000000077c600000, 0x0000000780000000)
  object space 24576K, 99% used [0x000000077ae00000,0x000000077c5cd540,0x000000077c600000)
}
Event: 13513.332 GC heap before
{Heap before GC invocations=10 (full 0):
 PSYoungGen      total 155136K, used 151421K [0x00000007d5500000, 0x00000007e5c80000, 0x0000000800000000)
  eden space 121856K, 98% used [0x00000007d5500000,0x00000007dc9dcff0,0x00000007dcc00000)
  from space 33280K, 95% used [0x00000007dcc00000,0x00000007deb026c0,0x00000007dec80000)
  to   space 37376K, 0% used [0x00000007e3800000,0x00000007e3800000,0x00000007e5c80000)
 ParOldGen       total 87040K, used 53302K [0x0000000780000000, 0x0000000785500000, 0x00000007d5500000)
  object space 87040K, 61% used [0x0000000780000000,0x000000078340db38,0x0000000785500000)
 PSPermGen       total 24576K, used 24408K [0x000000077ae00000, 0x000000077c600000, 0x0000000780000000)
  object space 24576K, 99% used [0x000000077ae00000,0x000000077c5d61f0,0x000000077c600000)
Event: 13513.503 GC heap after
Heap after GC invocations=10 (full 0):
 PSYoungGen      total 229888K, used 31235K [0x00000007d5500000, 0x00000007e6180000, 0x0000000800000000)
  eden space 192512K, 0% used [0x00000007d5500000,0x00000007d5500000,0x00000007e1100000)
  from space 37376K, 83% used [0x00000007e3800000,0x00000007e5680fa8,0x00000007e5c80000)
  to   space 39936K, 0% used [0x00000007e1100000,0x00000007e1100000,0x00000007e3800000)
 ParOldGen       total 87040K, used 56006K [0x0000000780000000, 0x0000000785500000, 0x00000007d5500000)
  object space 87040K, 64% used [0x0000000780000000,0x00000007836b1b38,0x0000000785500000)
 PSPermGen       total 24576K, used 24408K [0x000000077ae00000, 0x000000077c600000, 0x0000000780000000)
  object space 24576K, 99% used [0x000000077ae00000,0x000000077c5d61f0,0x000000077c600000)
}

