# JRE version: Java(TM) SE Runtime Environment (7.0_79-b15) (build 1.7.0_79-b15)
# Java VM: Java HotSpot(TM) 64-Bit Server VM (24.79-b02 mixed mode bsd-amd64 compressed oops)
Heap
 PSYoungGen      total 41984K, used 1382K [0x00000007d5500000, 0x00000007d8f80000, 0x0000000800000000)
  eden space 24064K, 5% used [0x00000007d5500000,0x00000007d5659a70,0x00000007d6c80000)
  from space 17920K, 0% used [0x00000007d7e00000,0x00000007d7e00000,0x00000007d8f80000)
  to   space 17920K, 0% used [0x00000007d6c80000,0x00000007d6c80000,0x00000007d7e00000)
 ParOldGen       total 72704K, used 24975K [0x0000000780000000, 0x0000000784700000, 0x00000007d5500000)
  object space 72704K, 34% used [0x0000000780000000,0x0000000781863fc8,0x0000000784700000)
 PSPermGen       total 49664K, used 24725K [0x000000077ae00000, 0x000000077de80000, 0x0000000780000000)
  object space 49664K, 49% used [0x000000077ae00000,0x000000077c625658,0x000000077de80000)
GC Heap History (10 events):
Event: 8414.702 GC heap before
{Heap before GC invocations=17 (full 0):
 PSYoungGen      total 42496K, used 42481K [0x00000007d5500000, 0x00000007d9600000, 0x0000000800000000)
  eden space 25600K, 100% used [0x00000007d5500000,0x00000007d6e00000,0x00000007d6e00000)
  from space 16896K, 99% used [0x00000007d8100000,0x00000007d917c670,0x00000007d9180000)
  to   space 19456K, 0% used [0x00000007d6e00000,0x00000007d6e00000,0x00000007d8100000)
 ParOldGen       total 87040K, used 53688K [0x0000000780000000, 0x0000000785500000, 0x00000007d5500000)
  object space 87040K, 61% used [0x0000000780000000,0x000000078346e078,0x0000000785500000)
 PSPermGen       total 24576K, used 24522K [0x000000077ae00000, 0x000000077c600000, 0x0000000780000000)
  object space 24576K, 99% used [0x000000077ae00000,0x000000077c5f29d0,0x000000077c600000)
Event: 8414.717 GC heap after
Heap after GC invocations=17 (full 0):
 PSYoungGen      total 29184K, used 3872K [0x00000007d5500000, 0x00000007d9380000, 0x0000000800000000)
  eden space 25088K, 0% used [0x00000007d5500000,0x00000007d5500000,0x00000007d6d80000)
  from space 4096K, 94% used [0x00000007d6e00000,0x00000007d71c8000,0x00000007d7200000)
  to   space 19456K, 0% used [0x00000007d8080000,0x00000007d8080000,0x00000007d9380000)
 ParOldGen       total 87040K, used 69476K [0x0000000780000000, 0x0000000785500000, 0x00000007d5500000)
  object space 87040K, 79% used [0x0000000780000000,0x00000007843d9238,0x0000000785500000)
 PSPermGen       total 24576K, used 24522K [0x000000077ae00000, 0x000000077c600000, 0x0000000780000000)
  object space 24576K, 99% used [0x000000077ae00000,0x000000077c5f29d0,0x000000077c600000)
}
Event: 8415.735 GC heap before
{Heap before GC invocations=18 (full 0):
 PSYoungGen      total 29184K, used 28960K [0x00000007d5500000, 0x00000007d9380000, 0x0000000800000000)
  eden space 25088K, 100% used [0x00000007d5500000,0x00000007d6d80000,0x00000007d6d80000)
  from space 4096K, 94% used [0x00000007d6e00000,0x00000007d71c8000,0x00000007d7200000)
  to   space 19456K, 0% used [0x00000007d8080000,0x00000007d8080000,0x00000007d9380000)
 ParOldGen       total 87040K, used 69476K [0x0000000780000000, 0x0000000785500000, 0x00000007d5500000)
  object space 87040K, 79% used [0x0000000780000000,0x00000007843d9238,0x0000000785500000)
 PSPermGen       total 24576K, used 24538K [0x000000077ae00000, 0x000000077c600000, 0x0000000780000000)
  object space 24576K, 99% used [0x000000077ae00000,0x000000077c5f6af0,0x000000077c600000)
Event: 8415.748 GC heap after
Heap after GC invocations=18 (full 0):
 PSYoungGen      total 41472K, used 6784K [0x00000007d5500000, 0x00000007d9100000, 0x0000000800000000)
  eden space 24576K, 0% used [0x00000007d5500000,0x00000007d5500000,0x00000007d6d00000)
  from space 16896K, 40% used [0x00000007d8080000,0x00000007d8720000,0x00000007d9100000)
  to   space 18432K, 0% used [0x00000007d6d00000,0x00000007d6d00000,0x00000007d7f00000)
 ParOldGen       total 87040K, used 70740K [0x0000000780000000, 0x0000000785500000, 0x00000007d5500000)
  object space 87040K, 81% used [0x0000000780000000,0x0000000784515238,0x0000000785500000)
 PSPermGen       total 24576K, used 24538K [0x000000077ae00000, 0x000000077c600000, 0x0000000780000000)
  object space 24576K, 99% used [0x000000077ae00000,0x000000077c5f6af0,0x000000077c600000)
}
Event: 8453.301 GC heap before
{Heap before GC invocations=19 (full 0):
 PSYoungGen      total 41472K, used 31360K [0x00000007d5500000, 0x00000007d9100000, 0x0000000800000000)
  eden space 24576K, 100% used [0x00000007d5500000,0x00000007d6d00000,0x00000007d6d00000)
  from space 16896K, 40% used [0x00000007d8080000,0x00000007d8720000,0x00000007d9100000)
  to   space 18432K, 0% used [0x00000007d6d00000,0x00000007d6d00000,0x00000007d7f00000)
 ParOldGen       total 87040K, used 70740K [0x0000000780000000, 0x0000000785500000, 0x00000007d5500000)
  object space 87040K, 81% used [0x0000000780000000,0x0000000784515238,0x0000000785500000)
 PSPermGen       total 24576K, used 24569K [0x000000077ae00000, 0x000000077c600000, 0x0000000780000000)
  object space 24576K, 99% used [0x000000077ae00000,0x000000077c5fe640,0x000000077c600000)
Event: 8453.313 GC heap after
Heap after GC invocations=19 (full 0):
 PSYoungGen      total 31232K, used 6871K [0x00000007d5500000, 0x00000007d8f80000, 0x0000000800000000)
  eden space 24064K, 0% used [0x00000007d5500000,0x00000007d5500000,0x00000007d6c80000)
  from space 7168K, 95% used [0x00000007d6d00000,0x00000007d73b5c40,0x00000007d7400000)
  to   space 17920K, 0% used [0x00000007d7e00000,0x00000007d7e00000,0x00000007d8f80000)
 ParOldGen       total 87040K, used 72052K [0x0000000780000000, 0x0000000785500000, 0x00000007d5500000)
  object space 87040K, 82% used [0x0000000780000000,0x000000078465d238,0x0000000785500000)
 PSPermGen       total 24576K, used 24569K [0x000000077ae00000, 0x000000077c600000, 0x0000000780000000)
  object space 24576K, 99% used [0x000000077ae00000,0x000000077c5fe640,0x000000077c600000)
}
Event: 8886.839 GC heap before
{Heap before GC invocations=20 (full 0):
 PSYoungGen      total 31232K, used 30935K [0x00000007d5500000, 0x00000007d8f80000, 0x0000000800000000)
  eden space 24064K, 100% used [0x00000007d5500000,0x00000007d6c80000,0x00000007d6c80000)
  from space 7168K, 95% used [0x00000007d6d00000,0x00000007d73b5c40,0x00000007d7400000)
  to   space 17920K, 0% used [0x00000007d7e00000,0x00000007d7e00000,0x00000007d8f80000)
 ParOldGen       total 87040K, used 72052K [0x0000000780000000, 0x0000000785500000, 0x00000007d5500000)
  object space 87040K, 82% used [0x0000000780000000,0x000000078465d238,0x0000000785500000)
 PSPermGen       total 25088K, used 24773K [0x000000077ae00000, 0x000000077c680000, 0x0000000780000000)
  object space 25088K, 98% used [0x000000077ae00000,0x000000077c631728,0x000000077c680000)
Event: 8886.846 GC heap after
Heap after GC invocations=20 (full 0):
 PSYoungGen      total 41984K, used 2030K [0x00000007d5500000, 0x00000007d8f80000, 0x0000000800000000)
  eden space 24064K, 0% used [0x00000007d5500000,0x00000007d5500000,0x00000007d6c80000)
  from space 17920K, 11% used [0x00000007d7e00000,0x00000007d7ffbbe0,0x00000007d8f80000)
  to   space 17920K, 0% used [0x00000007d6c80000,0x00000007d6c80000,0x00000007d7e00000)
 ParOldGen       total 87040K, used 73356K [0x0000000780000000, 0x0000000785500000, 0x00000007d5500000)
  object space 87040K, 84% used [0x0000000780000000,0x00000007847a3248,0x0000000785500000)
 PSPermGen       total 25088K, used 24773K [0x000000077ae00000, 0x000000077c680000, 0x0000000780000000)
  object space 25088K, 98% used [0x000000077ae00000,0x000000077c631728,0x000000077c680000)
}
Event: 8886.846 GC heap before
{Heap before GC invocations=21 (full 1):
 PSYoungGen      total 41984K, used 2030K [0x00000007d5500000, 0x00000007d8f80000, 0x0000000800000000)
  eden space 24064K, 0% used [0x00000007d5500000,0x00000007d5500000,0x00000007d6c80000)
  from space 17920K, 11% used [0x00000007d7e00000,0x00000007d7ffbbe0,0x00000007d8f80000)
  to   space 17920K, 0% used [0x00000007d6c80000,0x00000007d6c80000,0x00000007d7e00000)
 ParOldGen       total 87040K, used 73356K [0x0000000780000000, 0x0000000785500000, 0x00000007d5500000)
  object space 87040K, 84% used [0x0000000780000000,0x00000007847a3248,0x0000000785500000)
 PSPermGen       total 25088K, used 24773K [0x000000077ae00000, 0x000000077c680000, 0x0000000780000000)
  object space 25088K, 98% used [0x000000077ae00000,0x000000077c631728,0x000000077c680000)
Event: 8886.986 GC heap after
Heap after GC invocations=21 (full 1):
 PSYoungGen      total 41984K, used 0K [0x00000007d5500000, 0x00000007d8f80000, 0x0000000800000000)
  eden space 24064K, 0% used [0x00000007d5500000,0x00000007d5500000,0x00000007d6c80000)
  from space 17920K, 0% used [0x00000007d7e00000,0x00000007d7e00000,0x00000007d8f80000)
  to   space 17920K, 0% used [0x00000007d6c80000,0x00000007d6c80000,0x00000007d7e00000)
 ParOldGen       total 72704K, used 24975K [0x0000000780000000, 0x0000000784700000, 0x00000007d5500000)
  object space 72704K, 34% used [0x0000000780000000,0x0000000781863fc8,0x0000000784700000)
 PSPermGen       total 49664K, used 24724K [0x000000077ae00000, 0x000000077de80000, 0x0000000780000000)
  object space 49664K, 49% used [0x000000077ae00000,0x000000077c625248,0x000000077de80000)
}

