# JRE version: Java(TM) SE Runtime Environment (7.0_79-b15) (build 1.7.0_79-b15)
# Java VM: Java HotSpot(TM) 64-Bit Server VM (24.79-b02 mixed mode bsd-amd64 compressed oops)
Heap
 PSYoungGen      total 67072K, used 27278K [0x00000007d5500000, 0x00000007db800000, 0x0000000800000000)
  eden space 45568K, 12% used [0x00000007d5500000,0x00000007d5aaae68,0x00000007d8180000)
  from space 21504K, 99% used [0x00000007d9c80000,0x00000007db178a20,0x00000007db180000)
  to   space 27648K, 0% used [0x00000007d8180000,0x00000007d8180000,0x00000007d9c80000)
 ParOldGen       total 94208K, used 72150K [0x0000000780000000, 0x0000000785c00000, 0x00000007d5500000)
  object space 94208K, 76% used [0x0000000780000000,0x00000007846758b8,0x0000000785c00000)
 PSPermGen       total 54272K, used 24154K [0x000000077ae00000, 0x000000077e300000, 0x0000000780000000)
  object space 54272K, 44% used [0x000000077ae00000,0x000000077c596b70,0x000000077e300000)
GC Heap History (10 events):
Event: 399.497 GC heap before
{Heap before GC invocations=76 (full 2):
 PSYoungGen      total 58880K, used 44313K [0x00000007d5500000, 0x00000007da200000, 0x0000000800000000)
  eden space 44032K, 95% used [0x00000007d5500000,0x00000007d7e19438,0x00000007d8000000)
  from space 14848K, 15% used [0x00000007d8000000,0x00000007d822d128,0x00000007d8e80000)
  to   space 15360K, 0% used [0x00000007d9300000,0x00000007d9300000,0x00000007da200000)
 ParOldGen       total 94208K, used 32943K [0x0000000780000000, 0x0000000785c00000, 0x00000007d5500000)
  object space 94208K, 34% used [0x0000000780000000,0x000000078202bf00,0x0000000785c00000)
 PSPermGen       total 54272K, used 24120K [0x000000077ae00000, 0x000000077e300000, 0x0000000780000000)
  object space 54272K, 44% used [0x000000077ae00000,0x000000077c58e168,0x000000077e300000)
Event: 399.505 GC heap after
Heap after GC invocations=76 (full 2):
 PSYoungGen      total 61952K, used 14467K [0x00000007d5500000, 0x00000007da580000, 0x0000000800000000)
  eden space 46592K, 0% used [0x00000007d5500000,0x00000007d5500000,0x00000007d8280000)
  from space 15360K, 94% used [0x00000007d9300000,0x00000007da120e78,0x00000007da200000)
  to   space 16896K, 0% used [0x00000007d8280000,0x00000007d8280000,0x00000007d9300000)
 ParOldGen       total 94208K, used 32943K [0x0000000780000000, 0x0000000785c00000, 0x00000007d5500000)
  object space 94208K, 34% used [0x0000000780000000,0x000000078202bf00,0x0000000785c00000)
 PSPermGen       total 54272K, used 24120K [0x000000077ae00000, 0x000000077e300000, 0x0000000780000000)
  object space 54272K, 44% used [0x000000077ae00000,0x000000077c58e168,0x000000077e300000)
}
Event: 399.853 GC heap before
{Heap before GC invocations=77 (full 2):
 PSYoungGen      total 61952K, used 56504K [0x00000007d5500000, 0x00000007da580000, 0x0000000800000000)
  eden space 46592K, 90% used [0x00000007d5500000,0x00000007d7e0d218,0x00000007d8280000)
  from space 15360K, 94% used [0x00000007d9300000,0x00000007da120e78,0x00000007da200000)
  to   space 16896K, 0% used [0x00000007d8280000,0x00000007d8280000,0x00000007d9300000)
 ParOldGen       total 94208K, used 32943K [0x0000000780000000, 0x0000000785c00000, 0x00000007d5500000)
  object space 94208K, 34% used [0x0000000780000000,0x000000078202bf00,0x0000000785c00000)
 PSPermGen       total 54272K, used 24120K [0x000000077ae00000, 0x000000077e300000, 0x0000000780000000)
  object space 54272K, 44% used [0x000000077ae00000,0x000000077c58e210,0x000000077e300000)
Event: 399.859 GC heap after
Heap after GC invocations=77 (full 2):
 PSYoungGen      total 63488K, used 12337K [0x00000007d5500000, 0x00000007daa00000, 0x0000000800000000)
  eden space 46592K, 0% used [0x00000007d5500000,0x00000007d5500000,0x00000007d8280000)
  from space 16896K, 73% used [0x00000007d8280000,0x00000007d8e8c500,0x00000007d9300000)
  to   space 17408K, 0% used [0x00000007d9900000,0x00000007d9900000,0x00000007daa00000)
 ParOldGen       total 94208K, used 39000K [0x0000000780000000, 0x0000000785c00000, 0x00000007d5500000)
  object space 94208K, 41% used [0x0000000780000000,0x0000000782616180,0x0000000785c00000)
 PSPermGen       total 54272K, used 24120K [0x000000077ae00000, 0x000000077e300000, 0x0000000780000000)
  object space 54272K, 44% used [0x000000077ae00000,0x000000077c58e210,0x000000077e300000)
}
Event: 403.006 GC heap before
{Heap before GC invocations=78 (full 2):
 PSYoungGen      total 63488K, used 58929K [0x00000007d5500000, 0x00000007daa00000, 0x0000000800000000)
  eden space 46592K, 100% used [0x00000007d5500000,0x00000007d8280000,0x00000007d8280000)
  from space 16896K, 73% used [0x00000007d8280000,0x00000007d8e8c500,0x00000007d9300000)
  to   space 17408K, 0% used [0x00000007d9900000,0x00000007d9900000,0x00000007daa00000)
 ParOldGen       total 94208K, used 39000K [0x0000000780000000, 0x0000000785c00000, 0x00000007d5500000)
  object space 94208K, 41% used [0x0000000780000000,0x0000000782616180,0x0000000785c00000)
 PSPermGen       total 54272K, used 24120K [0x000000077ae00000, 0x000000077e300000, 0x0000000780000000)
  object space 54272K, 44% used [0x000000077ae00000,0x000000077c58e210,0x000000077e300000)
Event: 403.022 GC heap after
Heap after GC invocations=78 (full 2):
 PSYoungGen      total 64512K, used 17382K [0x00000007d5500000, 0x00000007db380000, 0x0000000800000000)
  eden space 47104K, 0% used [0x00000007d5500000,0x00000007d5500000,0x00000007d8300000)
  from space 17408K, 99% used [0x00000007d9900000,0x00000007da9f9b00,0x00000007daa00000)
  to   space 22528K, 0% used [0x00000007d8300000,0x00000007d8300000,0x00000007d9900000)
 ParOldGen       total 94208K, used 45267K [0x0000000780000000, 0x0000000785c00000, 0x00000007d5500000)
  object space 94208K, 48% used [0x0000000780000000,0x0000000782c34f00,0x0000000785c00000)
 PSPermGen       total 54272K, used 24120K [0x000000077ae00000, 0x000000077e300000, 0x0000000780000000)
  object space 54272K, 44% used [0x000000077ae00000,0x000000077c58e210,0x000000077e300000)
}
Event: 776.308 GC heap before
{Heap before GC invocations=79 (full 2):
 PSYoungGen      total 64512K, used 64486K [0x00000007d5500000, 0x00000007db380000, 0x0000000800000000)
  eden space 47104K, 100% used [0x00000007d5500000,0x00000007d8300000,0x00000007d8300000)
  from space 17408K, 99% used [0x00000007d9900000,0x00000007da9f9b00,0x00000007daa00000)
  to   space 22528K, 0% used [0x00000007d8300000,0x00000007d8300000,0x00000007d9900000)
 ParOldGen       total 94208K, used 45267K [0x0000000780000000, 0x0000000785c00000, 0x00000007d5500000)
  object space 94208K, 48% used [0x0000000780000000,0x0000000782c34f00,0x0000000785c00000)
 PSPermGen       total 54272K, used 24146K [0x000000077ae00000, 0x000000077e300000, 0x0000000780000000)
  object space 54272K, 44% used [0x000000077ae00000,0x000000077c5949c8,0x000000077e300000)
Event: 776.329 GC heap after
Heap after GC invocations=79 (full 2):
 PSYoungGen      total 69632K, used 8544K [0x00000007d5500000, 0x00000007db180000, 0x0000000800000000)
  eden space 47104K, 0% used [0x00000007d5500000,0x00000007d5500000,0x00000007d8300000)
  from space 22528K, 37% used [0x00000007d8300000,0x00000007d8b58000,0x00000007d9900000)
  to   space 21504K, 0% used [0x00000007d9c80000,0x00000007d9c80000,0x00000007db180000)
 ParOldGen       total 94208K, used 64277K [0x0000000780000000, 0x0000000785c00000, 0x00000007d5500000)
  object space 94208K, 68% used [0x0000000780000000,0x0000000783ec5780,0x0000000785c00000)
 PSPermGen       total 54272K, used 24146K [0x000000077ae00000, 0x000000077e300000, 0x0000000780000000)
  object space 54272K, 44% used [0x000000077ae00000,0x000000077c5949c8,0x000000077e300000)
}
Event: 2823.771 GC heap before
{Heap before GC invocations=80 (full 2):
 PSYoungGen      total 69632K, used 54047K [0x00000007d5500000, 0x00000007db180000, 0x0000000800000000)
  eden space 47104K, 96% used [0x00000007d5500000,0x00000007d816fe20,0x00000007d8300000)
  from space 22528K, 37% used [0x00000007d8300000,0x00000007d8b58000,0x00000007d9900000)
  to   space 21504K, 0% used [0x00000007d9c80000,0x00000007d9c80000,0x00000007db180000)
 ParOldGen       total 94208K, used 64277K [0x0000000780000000, 0x0000000785c00000, 0x00000007d5500000)
  object space 94208K, 68% used [0x0000000780000000,0x0000000783ec5780,0x0000000785c00000)
 PSPermGen       total 54272K, used 24154K [0x000000077ae00000, 0x000000077e300000, 0x0000000780000000)
  object space 54272K, 44% used [0x000000077ae00000,0x000000077c596b50,0x000000077e300000)
Event: 2823.811 GC heap after
Heap after GC invocations=80 (full 2):
 PSYoungGen      total 67072K, used 21474K [0x00000007d5500000, 0x00000007db800000, 0x0000000800000000)
  eden space 45568K, 0% used [0x00000007d5500000,0x00000007d5500000,0x00000007d8180000)
  from space 21504K, 99% used [0x00000007d9c80000,0x00000007db178a20,0x00000007db180000)
  to   space 27648K, 0% used [0x00000007d8180000,0x00000007d8180000,0x00000007d9c80000)
 ParOldGen       total 94208K, used 72150K [0x0000000780000000, 0x0000000785c00000, 0x00000007d5500000)
  object space 94208K, 76% used [0x0000000780000000,0x00000007846758b8,0x0000000785c00000)
 PSPermGen       total 54272K, used 24154K [0x000000077ae00000, 0x000000077e300000, 0x0000000780000000)
  object space 54272K, 44% used [0x000000077ae00000,0x000000077c596b50,0x000000077e300000)
}

