# JRE version: Java(TM) SE Runtime Environment (7.0_79-b15) (build 1.7.0_79-b15)
# Java VM: Java HotSpot(TM) 64-Bit Server VM (24.79-b02 mixed mode bsd-amd64 compressed oops)
Heap
 PSYoungGen      total 47104K, used 16786K [0x00000007d5500000, 0x00000007d9280000, 0x0000000800000000)
  eden space 32256K, 18% used [0x00000007d5500000,0x00000007d5ab8168,0x00000007d7480000)
  from space 14848K, 73% used [0x00000007d7500000,0x00000007d7fac700,0x00000007d8380000)
  to   space 15360K, 0% used [0x00000007d8380000,0x00000007d8380000,0x00000007d9280000)
 ParOldGen       total 87040K, used 50836K [0x0000000780000000, 0x0000000785500000, 0x00000007d5500000)
  object space 87040K, 58% used [0x0000000780000000,0x00000007831a50d8,0x0000000785500000)
 PSPermGen       total 23040K, used 22957K [0x000000077ae00000, 0x000000077c480000, 0x0000000780000000)
  object space 23040K, 99% used [0x000000077ae00000,0x000000077c46b640,0x000000077c480000)
GC Heap History (10 events):
Event: 88.677 GC heap before
{Heap before GC invocations=3 (full 0):
 PSYoungGen      total 38912K, used 38890K [0x00000007d5500000, 0x00000007d8000000, 0x0000000800000000)
  eden space 33792K, 100% used [0x00000007d5500000,0x00000007d7600000,0x00000007d7600000)
  from space 5120K, 99% used [0x00000007d7b00000,0x00000007d7ffaa20,0x00000007d8000000)
  to   space 5120K, 0% used [0x00000007d7600000,0x00000007d7600000,0x00000007d7b00000)
 ParOldGen       total 87040K, used 12516K [0x0000000780000000, 0x0000000785500000, 0x00000007d5500000)
  object space 87040K, 14% used [0x0000000780000000,0x0000000780c392d0,0x0000000785500000)
 PSPermGen       total 21504K, used 19543K [0x000000077ae00000, 0x000000077c300000, 0x0000000780000000)
  object space 21504K, 90% used [0x000000077ae00000,0x000000077c115f18,0x000000077c300000)
Event: 88.684 GC heap after
Heap after GC invocations=3 (full 0):
 PSYoungGen      total 38912K, used 5098K [0x00000007d5500000, 0x00000007d8000000, 0x0000000800000000)
  eden space 33792K, 0% used [0x00000007d5500000,0x00000007d5500000,0x00000007d7600000)
  from space 5120K, 99% used [0x00000007d7600000,0x00000007d7afaa00,0x00000007d7b00000)
  to   space 5120K, 0% used [0x00000007d7b00000,0x00000007d7b00000,0x00000007d8000000)
 ParOldGen       total 87040K, used 15396K [0x0000000780000000, 0x0000000785500000, 0x00000007d5500000)
  object space 87040K, 17% used [0x0000000780000000,0x0000000780f09168,0x0000000785500000)
 PSPermGen       total 21504K, used 19543K [0x000000077ae00000, 0x000000077c300000, 0x0000000780000000)
  object space 21504K, 90% used [0x000000077ae00000,0x000000077c115f18,0x000000077c300000)
}
Event: 190.420 GC heap before
{Heap before GC invocations=4 (full 0):
 PSYoungGen      total 38912K, used 37332K [0x00000007d5500000, 0x00000007d8000000, 0x0000000800000000)
  eden space 33792K, 95% used [0x00000007d5500000,0x00000007d747a6d8,0x00000007d7600000)
  from space 5120K, 99% used [0x00000007d7600000,0x00000007d7afaa00,0x00000007d7b00000)
  to   space 5120K, 0% used [0x00000007d7b00000,0x00000007d7b00000,0x00000007d8000000)
 ParOldGen       total 87040K, used 15396K [0x0000000780000000, 0x0000000785500000, 0x00000007d5500000)
  object space 87040K, 17% used [0x0000000780000000,0x0000000780f09168,0x0000000785500000)
 PSPermGen       total 22016K, used 21733K [0x000000077ae00000, 0x000000077c380000, 0x0000000780000000)
  object space 22016K, 98% used [0x000000077ae00000,0x000000077c339520,0x000000077c380000)
Event: 190.432 GC heap after
Heap after GC invocations=4 (full 0):
 PSYoungGen      total 38912K, used 4662K [0x00000007d5500000, 0x00000007d8000000, 0x0000000800000000)
  eden space 33792K, 0% used [0x00000007d5500000,0x00000007d5500000,0x00000007d7600000)
  from space 5120K, 91% used [0x00000007d7b00000,0x00000007d7f8d900,0x00000007d8000000)
  to   space 5120K, 0% used [0x00000007d7600000,0x00000007d7600000,0x00000007d7b00000)
 ParOldGen       total 87040K, used 32318K [0x0000000780000000, 0x0000000785500000, 0x00000007d5500000)
  object space 87040K, 37% used [0x0000000780000000,0x0000000781f8f858,0x0000000785500000)
 PSPermGen       total 22016K, used 21733K [0x000000077ae00000, 0x000000077c380000, 0x0000000780000000)
  object space 22016K, 98% used [0x000000077ae00000,0x000000077c339520,0x000000077c380000)
}
Event: 210.766 GC heap before
{Heap before GC invocations=5 (full 0):
 PSYoungGen      total 38912K, used 38454K [0x00000007d5500000, 0x00000007d8000000, 0x0000000800000000)
  eden space 33792K, 100% used [0x00000007d5500000,0x00000007d7600000,0x00000007d7600000)
  from space 5120K, 91% used [0x00000007d7b00000,0x00000007d7f8d900,0x00000007d8000000)
  to   space 5120K, 0% used [0x00000007d7600000,0x00000007d7600000,0x00000007d7b00000)
 ParOldGen       total 87040K, used 32318K [0x0000000780000000, 0x0000000785500000, 0x00000007d5500000)
  object space 87040K, 37% used [0x0000000780000000,0x0000000781f8f858,0x0000000785500000)
 PSPermGen       total 22528K, used 22143K [0x000000077ae00000, 0x000000077c400000, 0x0000000780000000)
  object space 22528K, 98% used [0x000000077ae00000,0x000000077c39fe00,0x000000077c400000)
Event: 210.778 GC heap after
Heap after GC invocations=5 (full 0):
 PSYoungGen      total 38400K, used 4134K [0x00000007d5500000, 0x00000007d9480000, 0x0000000800000000)
  eden space 33280K, 0% used [0x00000007d5500000,0x00000007d5500000,0x00000007d7580000)
  from space 5120K, 80% used [0x00000007d7600000,0x00000007d7a098b8,0x00000007d7b00000)
  to   space 15872K, 0% used [0x00000007d8500000,0x00000007d8500000,0x00000007d9480000)
 ParOldGen       total 87040K, used 49248K [0x0000000780000000, 0x0000000785500000, 0x00000007d5500000)
  object space 87040K, 56% used [0x0000000780000000,0x00000007830183c8,0x0000000785500000)
 PSPermGen       total 22528K, used 22143K [0x000000077ae00000, 0x000000077c400000, 0x0000000780000000)
  object space 22528K, 98% used [0x000000077ae00000,0x000000077c39fe00,0x000000077c400000)
}
Event: 283.494 GC heap before
{Heap before GC invocations=6 (full 0):
 PSYoungGen      total 38400K, used 35050K [0x00000007d5500000, 0x00000007d9480000, 0x0000000800000000)
  eden space 33280K, 92% used [0x00000007d5500000,0x00000007d7331278,0x00000007d7580000)
  from space 5120K, 80% used [0x00000007d7600000,0x00000007d7a098b8,0x00000007d7b00000)
  to   space 15872K, 0% used [0x00000007d8500000,0x00000007d8500000,0x00000007d9480000)
 ParOldGen       total 87040K, used 49248K [0x0000000780000000, 0x0000000785500000, 0x00000007d5500000)
  object space 87040K, 56% used [0x0000000780000000,0x00000007830183c8,0x0000000785500000)
 PSPermGen       total 22528K, used 22404K [0x000000077ae00000, 0x000000077c400000, 0x0000000780000000)
  object space 22528K, 99% used [0x000000077ae00000,0x000000077c3e12f8,0x000000077c400000)
Event: 283.503 GC heap after
Heap after GC invocations=6 (full 0):
 PSYoungGen      total 46080K, used 7388K [0x00000007d5500000, 0x00000007d9200000, 0x0000000800000000)
  eden space 32768K, 0% used [0x00000007d5500000,0x00000007d5500000,0x00000007d7500000)
  from space 13312K, 55% used [0x00000007d8500000,0x00000007d8c370b0,0x00000007d9200000)
  to   space 14848K, 0% used [0x00000007d7500000,0x00000007d7500000,0x00000007d8380000)
 ParOldGen       total 87040K, used 49248K [0x0000000780000000, 0x0000000785500000, 0x00000007d5500000)
  object space 87040K, 56% used [0x0000000780000000,0x00000007830183c8,0x0000000785500000)
 PSPermGen       total 22528K, used 22404K [0x000000077ae00000, 0x000000077c400000, 0x0000000780000000)
  object space 22528K, 99% used [0x000000077ae00000,0x000000077c3e12f8,0x000000077c400000)
}
Event: 3201.576 GC heap before
{Heap before GC invocations=7 (full 0):
 PSYoungGen      total 46080K, used 38153K [0x00000007d5500000, 0x00000007d9200000, 0x0000000800000000)
  eden space 32768K, 93% used [0x00000007d5500000,0x00000007d730b4d0,0x00000007d7500000)
  from space 13312K, 55% used [0x00000007d8500000,0x00000007d8c370b0,0x00000007d9200000)
  to   space 14848K, 0% used [0x00000007d7500000,0x00000007d7500000,0x00000007d8380000)
 ParOldGen       total 87040K, used 49248K [0x0000000780000000, 0x0000000785500000, 0x00000007d5500000)
  object space 87040K, 56% used [0x0000000780000000,0x00000007830183c8,0x0000000785500000)
 PSPermGen       total 23040K, used 22957K [0x000000077ae00000, 0x000000077c480000, 0x0000000780000000)
  object space 23040K, 99% used [0x000000077ae00000,0x000000077c46b640,0x000000077c480000)
Event: 3201.603 GC heap after
Heap after GC invocations=7 (full 0):
 PSYoungGen      total 47104K, used 10929K [0x00000007d5500000, 0x00000007d9280000, 0x0000000800000000)
  eden space 32256K, 0% used [0x00000007d5500000,0x00000007d5500000,0x00000007d7480000)
  from space 14848K, 73% used [0x00000007d7500000,0x00000007d7fac700,0x00000007d8380000)
  to   space 15360K, 0% used [0x00000007d8380000,0x00000007d8380000,0x00000007d9280000)
 ParOldGen       total 87040K, used 50836K [0x0000000780000000, 0x0000000785500000, 0x00000007d5500000)
  object space 87040K, 58% used [0x0000000780000000,0x00000007831a50d8,0x0000000785500000)
 PSPermGen       total 23040K, used 22957K [0x000000077ae00000, 0x000000077c480000, 0x0000000780000000)
  object space 23040K, 99% used [0x000000077ae00000,0x000000077c46b640,0x000000077c480000)
}

