# JRE version: Java(TM) SE Runtime Environment (7.0_79-b15) (build 1.7.0_79-b15)
# Java VM: Java HotSpot(TM) 64-Bit Server VM (24.79-b02 mixed mode bsd-amd64 compressed oops)
Heap
 PSYoungGen      total 54272K, used 10930K [0x00000007d5500000, 0x00000007da080000, 0x0000000800000000)
  eden space 32256K, 13% used [0x00000007d5500000,0x00000007d592f418,0x00000007d7480000)
  from space 22016K, 30% used [0x00000007d7500000,0x00000007d7b7d558,0x00000007d8a80000)
  to   space 22528K, 0% used [0x00000007d8a80000,0x00000007d8a80000,0x00000007da080000)
 ParOldGen       total 87040K, used 46516K [0x0000000780000000, 0x0000000785500000, 0x00000007d5500000)
  object space 87040K, 53% used [0x0000000780000000,0x0000000782d6d170,0x0000000785500000)
 PSPermGen       total 22528K, used 22518K [0x000000077ae00000, 0x000000077c400000, 0x0000000780000000)
  object space 22528K, 99% used [0x000000077ae00000,0x000000077c3fda88,0x000000077c400000)
GC Heap History (10 events):
Event: 91.112 GC heap before
{Heap before GC invocations=3 (full 0):
 PSYoungGen      total 38912K, used 38581K [0x00000007d5500000, 0x00000007d8000000, 0x0000000800000000)
  eden space 33792K, 99% used [0x00000007d5500000,0x00000007d75b4d38,0x00000007d7600000)
  from space 5120K, 99% used [0x00000007d7b00000,0x00000007d7ff89e8,0x00000007d8000000)
  to   space 5120K, 0% used [0x00000007d7600000,0x00000007d7600000,0x00000007d7b00000)
 ParOldGen       total 87040K, used 11697K [0x0000000780000000, 0x0000000785500000, 0x00000007d5500000)
  object space 87040K, 13% used [0x0000000780000000,0x0000000780b6c708,0x0000000785500000)
 PSPermGen       total 22528K, used 22441K [0x000000077ae00000, 0x000000077c400000, 0x0000000780000000)
  object space 22528K, 99% used [0x000000077ae00000,0x000000077c3ea5f0,0x000000077c400000)
Event: 91.127 GC heap after
Heap after GC invocations=3 (full 0):
 PSYoungGen      total 38912K, used 5088K [0x00000007d5500000, 0x00000007d8000000, 0x0000000800000000)
  eden space 33792K, 0% used [0x00000007d5500000,0x00000007d5500000,0x00000007d7600000)
  from space 5120K, 99% used [0x00000007d7600000,0x00000007d7af80b0,0x00000007d7b00000)
  to   space 5120K, 0% used [0x00000007d7b00000,0x00000007d7b00000,0x00000007d8000000)
 ParOldGen       total 87040K, used 17112K [0x0000000780000000, 0x0000000785500000, 0x00000007d5500000)
  object space 87040K, 19% used [0x0000000780000000,0x00000007810b6000,0x0000000785500000)
 PSPermGen       total 22528K, used 22441K [0x000000077ae00000, 0x000000077c400000, 0x0000000780000000)
  object space 22528K, 99% used [0x000000077ae00000,0x000000077c3ea5f0,0x000000077c400000)
}
Event: 2048.173 GC heap before
{Heap before GC invocations=4 (full 0):
 PSYoungGen      total 38912K, used 35243K [0x00000007d5500000, 0x00000007d8000000, 0x0000000800000000)
  eden space 33792K, 89% used [0x00000007d5500000,0x00000007d7272d30,0x00000007d7600000)
  from space 5120K, 99% used [0x00000007d7600000,0x00000007d7af80b0,0x00000007d7b00000)
  to   space 5120K, 0% used [0x00000007d7b00000,0x00000007d7b00000,0x00000007d8000000)
 ParOldGen       total 87040K, used 17112K [0x0000000780000000, 0x0000000785500000, 0x00000007d5500000)
  object space 87040K, 19% used [0x0000000780000000,0x00000007810b6000,0x0000000785500000)
 PSPermGen       total 22528K, used 22512K [0x000000077ae00000, 0x000000077c400000, 0x0000000780000000)
  object space 22528K, 99% used [0x000000077ae00000,0x000000077c3fc0a0,0x000000077c400000)
Event: 2048.219 GC heap after
Heap after GC invocations=4 (full 0):
 PSYoungGen      total 38912K, used 5088K [0x00000007d5500000, 0x00000007d8000000, 0x0000000800000000)
  eden space 33792K, 0% used [0x00000007d5500000,0x00000007d5500000,0x00000007d7600000)
  from space 5120K, 99% used [0x00000007d7b00000,0x00000007d7ff82a0,0x00000007d8000000)
  to   space 5120K, 0% used [0x00000007d7600000,0x00000007d7600000,0x00000007d7b00000)
 ParOldGen       total 87040K, used 22045K [0x0000000780000000, 0x0000000785500000, 0x00000007d5500000)
  object space 87040K, 25% used [0x0000000780000000,0x0000000781587578,0x0000000785500000)
 PSPermGen       total 22528K, used 22512K [0x000000077ae00000, 0x000000077c400000, 0x0000000780000000)
  object space 22528K, 99% used [0x000000077ae00000,0x000000077c3fc0a0,0x000000077c400000)
}
Event: 2382.514 GC heap before
{Heap before GC invocations=5 (full 0):
 PSYoungGen      total 38912K, used 36443K [0x00000007d5500000, 0x00000007d8000000, 0x0000000800000000)
  eden space 33792K, 92% used [0x00000007d5500000,0x00000007d739ead8,0x00000007d7600000)
  from space 5120K, 99% used [0x00000007d7b00000,0x00000007d7ff82a0,0x00000007d8000000)
  to   space 5120K, 0% used [0x00000007d7600000,0x00000007d7600000,0x00000007d7b00000)
 ParOldGen       total 87040K, used 22045K [0x0000000780000000, 0x0000000785500000, 0x00000007d5500000)
  object space 87040K, 25% used [0x0000000780000000,0x0000000781587578,0x0000000785500000)
 PSPermGen       total 22528K, used 22516K [0x000000077ae00000, 0x000000077c400000, 0x0000000780000000)
  object space 22528K, 99% used [0x000000077ae00000,0x000000077c3fd050,0x000000077c400000)
Event: 2382.538 GC heap after
Heap after GC invocations=5 (full 0):
 PSYoungGen      total 38400K, used 5111K [0x00000007d5500000, 0x00000007da180000, 0x0000000800000000)
  eden space 33280K, 0% used [0x00000007d5500000,0x00000007d5500000,0x00000007d7580000)
  from space 5120K, 99% used [0x00000007d7600000,0x00000007d7afdf90,0x00000007d7b00000)
  to   space 22528K, 0% used [0x00000007d8b80000,0x00000007d8b80000,0x00000007da180000)
 ParOldGen       total 87040K, used 43739K [0x0000000780000000, 0x0000000785500000, 0x00000007d5500000)
  object space 87040K, 50% used [0x0000000780000000,0x0000000782ab6cd0,0x0000000785500000)
 PSPermGen       total 22528K, used 22516K [0x000000077ae00000, 0x000000077c400000, 0x0000000780000000)
  object space 22528K, 99% used [0x000000077ae00000,0x000000077c3fd050,0x000000077c400000)
}
Event: 4538.143 GC heap before
{Heap before GC invocations=6 (full 0):
 PSYoungGen      total 38400K, used 35291K [0x00000007d5500000, 0x00000007da180000, 0x0000000800000000)
  eden space 33280K, 90% used [0x00000007d5500000,0x00000007d7278e10,0x00000007d7580000)
  from space 5120K, 99% used [0x00000007d7600000,0x00000007d7afdf90,0x00000007d7b00000)
  to   space 22528K, 0% used [0x00000007d8b80000,0x00000007d8b80000,0x00000007da180000)
 ParOldGen       total 87040K, used 43739K [0x0000000780000000, 0x0000000785500000, 0x00000007d5500000)
  object space 87040K, 50% used [0x0000000780000000,0x0000000782ab6cd0,0x0000000785500000)
 PSPermGen       total 22528K, used 22516K [0x000000077ae00000, 0x000000077c400000, 0x0000000780000000)
  object space 22528K, 99% used [0x000000077ae00000,0x000000077c3fd108,0x000000077c400000)
Event: 4538.167 GC heap after
Heap after GC invocations=6 (full 0):
 PSYoungGen      total 53760K, used 9424K [0x00000007d5500000, 0x00000007da000000, 0x0000000800000000)
  eden space 32768K, 0% used [0x00000007d5500000,0x00000007d5500000,0x00000007d7500000)
  from space 20992K, 44% used [0x00000007d8b80000,0x00000007d94b4238,0x00000007da000000)
  to   space 22016K, 0% used [0x00000007d7500000,0x00000007d7500000,0x00000007d8a80000)
 ParOldGen       total 87040K, used 43739K [0x0000000780000000, 0x0000000785500000, 0x00000007d5500000)
  object space 87040K, 50% used [0x0000000780000000,0x0000000782ab6cd0,0x0000000785500000)
 PSPermGen       total 22528K, used 22516K [0x000000077ae00000, 0x000000077c400000, 0x0000000780000000)
  object space 22528K, 99% used [0x000000077ae00000,0x000000077c3fd108,0x000000077c400000)
}
Event: 4545.780 GC heap before
{Heap before GC invocations=7 (full 0):
 PSYoungGen      total 53760K, used 40063K [0x00000007d5500000, 0x00000007da000000, 0x0000000800000000)
  eden space 32768K, 93% used [0x00000007d5500000,0x00000007d72ebb08,0x00000007d7500000)
  from space 20992K, 44% used [0x00000007d8b80000,0x00000007d94b4238,0x00000007da000000)
  to   space 22016K, 0% used [0x00000007d7500000,0x00000007d7500000,0x00000007d8a80000)
 ParOldGen       total 87040K, used 43739K [0x0000000780000000, 0x0000000785500000, 0x00000007d5500000)
  object space 87040K, 50% used [0x0000000780000000,0x0000000782ab6cd0,0x0000000785500000)
 PSPermGen       total 22528K, used 22518K [0x000000077ae00000, 0x000000077c400000, 0x0000000780000000)
  object space 22528K, 99% used [0x000000077ae00000,0x000000077c3fda88,0x000000077c400000)
Event: 4545.798 GC heap after
Heap after GC invocations=7 (full 0):
 PSYoungGen      total 54272K, used 6645K [0x00000007d5500000, 0x00000007da080000, 0x0000000800000000)
  eden space 32256K, 0% used [0x00000007d5500000,0x00000007d5500000,0x00000007d7480000)
  from space 22016K, 30% used [0x00000007d7500000,0x00000007d7b7d558,0x00000007d8a80000)
  to   space 22528K, 0% used [0x00000007d8a80000,0x00000007d8a80000,0x00000007da080000)
 ParOldGen       total 87040K, used 46516K [0x0000000780000000, 0x0000000785500000, 0x00000007d5500000)
  object space 87040K, 53% used [0x0000000780000000,0x0000000782d6d170,0x0000000785500000)
 PSPermGen       total 22528K, used 22518K [0x000000077ae00000, 0x000000077c400000, 0x0000000780000000)
  object space 22528K, 99% used [0x000000077ae00000,0x000000077c3fda88,0x000000077c400000)
}

