# JRE version: Java(TM) SE Runtime Environment (7.0_79-b15) (build 1.7.0_79-b15)
# Java VM: Java HotSpot(TM) 64-Bit Server VM (24.79-b02 mixed mode bsd-amd64 compressed oops)
Heap
 PSYoungGen      total 38400K, used 8290K [0x00000007d5500000, 0x00000007ded80000, 0x0000000800000000)
  eden space 33280K, 24% used [0x00000007d5500000,0x00000007d5d18bf8,0x00000007d7580000)
  from space 5120K, 0% used [0x00000007d7600000,0x00000007d7600000,0x00000007d7b00000)
  to   space 61440K, 0% used [0x00000007db180000,0x00000007db180000,0x00000007ded80000)
 ParOldGen       total 102912K, used 19223K [0x0000000780000000, 0x0000000786480000, 0x00000007d5500000)
  object space 102912K, 18% used [0x0000000780000000,0x00000007812c5c28,0x0000000786480000)
 PSPermGen       total 31744K, used 13969K [0x000000077ae00000, 0x000000077cd00000, 0x0000000780000000)
  object space 31744K, 44% used [0x000000077ae00000,0x000000077bba45f8,0x000000077cd00000)
GC Heap History (10 events):
Event: 6144.923 GC heap before
{Heap before GC invocations=3 (full 0):
 PSYoungGen      total 38912K, used 31293K [0x00000007d5500000, 0x00000007d8000000, 0x0000000800000000)
  eden space 33792K, 77% used [0x00000007d5500000,0x00000007d6e97350,0x00000007d7600000)
  from space 5120K, 99% used [0x00000007d7b00000,0x00000007d7ff8230,0x00000007d8000000)
  to   space 5120K, 0% used [0x00000007d7600000,0x00000007d7600000,0x00000007d7b00000)
 ParOldGen       total 87040K, used 33114K [0x0000000780000000, 0x0000000785500000, 0x00000007d5500000)
  object space 87040K, 38% used [0x0000000780000000,0x00000007820569e0,0x0000000785500000)
 PSPermGen       total 21504K, used 13981K [0x000000077ae00000, 0x000000077c300000, 0x0000000780000000)
  object space 21504K, 65% used [0x000000077ae00000,0x000000077bba7678,0x000000077c300000)
Event: 6144.995 GC heap after
Heap after GC invocations=3 (full 0):
 PSYoungGen      total 38912K, used 5109K [0x00000007d5500000, 0x00000007d8000000, 0x0000000800000000)
  eden space 33792K, 0% used [0x00000007d5500000,0x00000007d5500000,0x00000007d7600000)
  from space 5120K, 99% used [0x00000007d7600000,0x00000007d7afd480,0x00000007d7b00000)
  to   space 5120K, 0% used [0x00000007d7b00000,0x00000007d7b00000,0x00000007d8000000)
 ParOldGen       total 87040K, used 74581K [0x0000000780000000, 0x0000000785500000, 0x00000007d5500000)
  object space 87040K, 85% used [0x0000000780000000,0x00000007848d5490,0x0000000785500000)
 PSPermGen       total 21504K, used 13981K [0x000000077ae00000, 0x000000077c300000, 0x0000000780000000)
  object space 21504K, 65% used [0x000000077ae00000,0x000000077bba7678,0x000000077c300000)
}
Event: 6144.995 GC heap before
{Heap before GC invocations=4 (full 1):
 PSYoungGen      total 38912K, used 5109K [0x00000007d5500000, 0x00000007d8000000, 0x0000000800000000)
  eden space 33792K, 0% used [0x00000007d5500000,0x00000007d5500000,0x00000007d7600000)
  from space 5120K, 99% used [0x00000007d7600000,0x00000007d7afd480,0x00000007d7b00000)
  to   space 5120K, 0% used [0x00000007d7b00000,0x00000007d7b00000,0x00000007d8000000)
 ParOldGen       total 87040K, used 74581K [0x0000000780000000, 0x0000000785500000, 0x00000007d5500000)
  object space 87040K, 85% used [0x0000000780000000,0x00000007848d5490,0x0000000785500000)
 PSPermGen       total 21504K, used 13981K [0x000000077ae00000, 0x000000077c300000, 0x0000000780000000)
  object space 21504K, 65% used [0x000000077ae00000,0x000000077bba7678,0x000000077c300000)
Event: 6145.546 GC heap after
Heap after GC invocations=4 (full 1):
 PSYoungGen      total 38912K, used 0K [0x00000007d5500000, 0x00000007d8000000, 0x0000000800000000)
  eden space 33792K, 0% used [0x00000007d5500000,0x00000007d5500000,0x00000007d7600000)
  from space 5120K, 0% used [0x00000007d7600000,0x00000007d7600000,0x00000007d7b00000)
  to   space 5120K, 0% used [0x00000007d7b00000,0x00000007d7b00000,0x00000007d8000000)
 ParOldGen       total 109568K, used 19227K [0x0000000780000000, 0x0000000786b00000, 0x00000007d5500000)
  object space 109568K, 17% used [0x0000000780000000,0x00000007812c6fd0,0x0000000786b00000)
 PSPermGen       total 28160K, used 13968K [0x000000077ae00000, 0x000000077c980000, 0x0000000780000000)
  object space 28160K, 49% used [0x000000077ae00000,0x000000077bba4278,0x000000077c980000)
}
Event: 6148.543 GC heap before
{Heap before GC invocations=5 (full 1):
 PSYoungGen      total 38912K, used 33362K [0x00000007d5500000, 0x00000007d8000000, 0x0000000800000000)
  eden space 33792K, 98% used [0x00000007d5500000,0x00000007d7594af8,0x00000007d7600000)
  from space 5120K, 0% used [0x00000007d7600000,0x00000007d7600000,0x00000007d7b00000)
  to   space 5120K, 0% used [0x00000007d7b00000,0x00000007d7b00000,0x00000007d8000000)
 ParOldGen       total 109568K, used 19227K [0x0000000780000000, 0x0000000786b00000, 0x00000007d5500000)
  object space 109568K, 17% used [0x0000000780000000,0x00000007812c6fd0,0x0000000786b00000)
 PSPermGen       total 28160K, used 13968K [0x000000077ae00000, 0x000000077c980000, 0x0000000780000000)
  object space 28160K, 49% used [0x000000077ae00000,0x000000077bba4278,0x000000077c980000)
Event: 6148.556 GC heap after
Heap after GC invocations=5 (full 1):
 PSYoungGen      total 38912K, used 160K [0x00000007d5500000, 0x00000007d8000000, 0x0000000800000000)
  eden space 33792K, 0% used [0x00000007d5500000,0x00000007d5500000,0x00000007d7600000)
  from space 5120K, 3% used [0x00000007d7b00000,0x00000007d7b28000,0x00000007d8000000)
  to   space 5120K, 0% used [0x00000007d7600000,0x00000007d7600000,0x00000007d7b00000)
 ParOldGen       total 109568K, used 52138K [0x0000000780000000, 0x0000000786b00000, 0x00000007d5500000)
  object space 109568K, 47% used [0x0000000780000000,0x00000007832ea810,0x0000000786b00000)
 PSPermGen       total 28160K, used 13968K [0x000000077ae00000, 0x000000077c980000, 0x0000000780000000)
  object space 28160K, 49% used [0x000000077ae00000,0x000000077bba4278,0x000000077c980000)
}
Event: 8533.142 GC heap before
{Heap before GC invocations=6 (full 1):
 PSYoungGen      total 38912K, used 33712K [0x00000007d5500000, 0x00000007d8000000, 0x0000000800000000)
  eden space 33792K, 99% used [0x00000007d5500000,0x00000007d75c4168,0x00000007d7600000)
  from space 5120K, 3% used [0x00000007d7b00000,0x00000007d7b28000,0x00000007d8000000)
  to   space 5120K, 0% used [0x00000007d7600000,0x00000007d7600000,0x00000007d7b00000)
 ParOldGen       total 109568K, used 52138K [0x0000000780000000, 0x0000000786b00000, 0x00000007d5500000)
  object space 109568K, 47% used [0x0000000780000000,0x00000007832ea810,0x0000000786b00000)
 PSPermGen       total 28160K, used 13974K [0x000000077ae00000, 0x000000077c980000, 0x0000000780000000)
  object space 28160K, 49% used [0x000000077ae00000,0x000000077bba5ab8,0x000000077c980000)
Event: 8533.158 GC heap after
Heap after GC invocations=6 (full 1):
 PSYoungGen      total 38400K, used 128K [0x00000007d5500000, 0x00000007ded80000, 0x0000000800000000)
  eden space 33280K, 0% used [0x00000007d5500000,0x00000007d5500000,0x00000007d7580000)
  from space 5120K, 2% used [0x00000007d7600000,0x00000007d7620000,0x00000007d7b00000)
  to   space 61440K, 0% used [0x00000007db180000,0x00000007db180000,0x00000007ded80000)
 ParOldGen       total 109568K, used 76820K [0x0000000780000000, 0x0000000786b00000, 0x00000007d5500000)
  object space 109568K, 70% used [0x0000000780000000,0x0000000784b05240,0x0000000786b00000)
 PSPermGen       total 28160K, used 13974K [0x000000077ae00000, 0x000000077c980000, 0x0000000780000000)
  object space 28160K, 49% used [0x000000077ae00000,0x000000077bba5ab8,0x000000077c980000)
}
Event: 8533.158 GC heap before
{Heap before GC invocations=7 (full 2):
 PSYoungGen      total 38400K, used 128K [0x00000007d5500000, 0x00000007ded80000, 0x0000000800000000)
  eden space 33280K, 0% used [0x00000007d5500000,0x00000007d5500000,0x00000007d7580000)
  from space 5120K, 2% used [0x00000007d7600000,0x00000007d7620000,0x00000007d7b00000)
  to   space 61440K, 0% used [0x00000007db180000,0x00000007db180000,0x00000007ded80000)
 ParOldGen       total 109568K, used 76820K [0x0000000780000000, 0x0000000786b00000, 0x00000007d5500000)
  object space 109568K, 70% used [0x0000000780000000,0x0000000784b05240,0x0000000786b00000)
 PSPermGen       total 28160K, used 13974K [0x000000077ae00000, 0x000000077c980000, 0x0000000780000000)
  object space 28160K, 49% used [0x000000077ae00000,0x000000077bba5ab8,0x000000077c980000)
Event: 8533.211 GC heap after
Heap after GC invocations=7 (full 2):
 PSYoungGen      total 38400K, used 0K [0x00000007d5500000, 0x00000007ded80000, 0x0000000800000000)
  eden space 33280K, 0% used [0x00000007d5500000,0x00000007d5500000,0x00000007d7580000)
  from space 5120K, 0% used [0x00000007d7600000,0x00000007d7600000,0x00000007d7b00000)
  to   space 61440K, 0% used [0x00000007db180000,0x00000007db180000,0x00000007ded80000)
 ParOldGen       total 102912K, used 19223K [0x0000000780000000, 0x0000000786480000, 0x00000007d5500000)
  object space 102912K, 18% used [0x0000000780000000,0x00000007812c5c28,0x0000000786480000)
 PSPermGen       total 31744K, used 13969K [0x000000077ae00000, 0x000000077cd00000, 0x0000000780000000)
  object space 31744K, 44% used [0x000000077ae00000,0x000000077bba45f8,0x000000077cd00000)
}

