# JRE version: Java(TM) SE Runtime Environment (7.0_79-b15) (build 1.7.0_79-b15)
# Java VM: Java HotSpot(TM) 64-Bit Server VM (24.79-b02 mixed mode bsd-amd64 compressed oops)
Heap
 PSYoungGen      total 46592K, used 15804K [0x00000007d5500000, 0x00000007d9700000, 0x0000000800000000)
  eden space 35840K, 14% used [0x00000007d5500000,0x00000007d5a23c70,0x00000007d7800000)
  from space 10752K, 98% used [0x00000007d7800000,0x00000007d824b738,0x00000007d8280000)
  to   space 11776K, 0% used [0x00000007d8b80000,0x00000007d8b80000,0x00000007d9700000)
 ParOldGen       total 90624K, used 74066K [0x0000000780000000, 0x0000000785880000, 0x00000007d5500000)
  object space 90624K, 81% used [0x0000000780000000,0x0000000784854a40,0x0000000785880000)
 PSPermGen       total 49664K, used 24777K [0x000000077ae00000, 0x000000077de80000, 0x0000000780000000)
  object space 49664K, 49% used [0x000000077ae00000,0x000000077c632590,0x000000077de80000)
GC Heap History (10 events):
Event: 3282.463 GC heap before
{Heap before GC invocations=42 (full 1):
 PSYoungGen      total 34816K, used 30112K [0x00000007d5500000, 0x00000007d8180000, 0x0000000800000000)
  eden space 24064K, 100% used [0x00000007d5500000,0x00000007d6c80000,0x00000007d6c80000)
  from space 10752K, 56% used [0x00000007d7700000,0x00000007d7ce8000,0x00000007d8180000)
  to   space 10752K, 0% used [0x00000007d6c80000,0x00000007d6c80000,0x00000007d7700000)
 ParOldGen       total 90624K, used 53168K [0x0000000780000000, 0x0000000785880000, 0x00000007d5500000)
  object space 90624K, 58% used [0x0000000780000000,0x00000007833ec020,0x0000000785880000)
 PSPermGen       total 49664K, used 24771K [0x000000077ae00000, 0x000000077de80000, 0x0000000780000000)
  object space 49664K, 49% used [0x000000077ae00000,0x000000077c630f90,0x000000077de80000)
Event: 3282.475 GC heap after
Heap after GC invocations=42 (full 1):
 PSYoungGen      total 34816K, used 6304K [0x00000007d5500000, 0x00000007d8600000, 0x0000000800000000)
  eden space 24064K, 0% used [0x00000007d5500000,0x00000007d5500000,0x00000007d6c80000)
  from space 10752K, 58% used [0x00000007d6c80000,0x00000007d72a8000,0x00000007d7700000)
  to   space 10240K, 0% used [0x00000007d7c00000,0x00000007d7c00000,0x00000007d8600000)
 ParOldGen       total 90624K, used 54328K [0x0000000780000000, 0x0000000785880000, 0x00000007d5500000)
  object space 90624K, 59% used [0x0000000780000000,0x000000078350e020,0x0000000785880000)
 PSPermGen       total 49664K, used 24771K [0x000000077ae00000, 0x000000077de80000, 0x0000000780000000)
  object space 49664K, 49% used [0x000000077ae00000,0x000000077c630f90,0x000000077de80000)
}
Event: 3283.447 GC heap before
{Heap before GC invocations=43 (full 1):
 PSYoungGen      total 34816K, used 30368K [0x00000007d5500000, 0x00000007d8600000, 0x0000000800000000)
  eden space 24064K, 100% used [0x00000007d5500000,0x00000007d6c80000,0x00000007d6c80000)
  from space 10752K, 58% used [0x00000007d6c80000,0x00000007d72a8000,0x00000007d7700000)
  to   space 10240K, 0% used [0x00000007d7c00000,0x00000007d7c00000,0x00000007d8600000)
 ParOldGen       total 90624K, used 54328K [0x0000000780000000, 0x0000000785880000, 0x00000007d5500000)
  object space 90624K, 59% used [0x0000000780000000,0x000000078350e020,0x0000000785880000)
 PSPermGen       total 49664K, used 24771K [0x000000077ae00000, 0x000000077de80000, 0x0000000780000000)
  object space 49664K, 49% used [0x000000077ae00000,0x000000077c630f90,0x000000077de80000)
Event: 3283.459 GC heap after
Heap after GC invocations=43 (full 1):
 PSYoungGen      total 39936K, used 6144K [0x00000007d5500000, 0x00000007d8600000, 0x0000000800000000)
  eden space 29696K, 0% used [0x00000007d5500000,0x00000007d5500000,0x00000007d7200000)
  from space 10240K, 60% used [0x00000007d7c00000,0x00000007d8200000,0x00000007d8600000)
  to   space 10240K, 0% used [0x00000007d7200000,0x00000007d7200000,0x00000007d7c00000)
 ParOldGen       total 90624K, used 55552K [0x0000000780000000, 0x0000000785880000, 0x00000007d5500000)
  object space 90624K, 61% used [0x0000000780000000,0x0000000783640020,0x0000000785880000)
 PSPermGen       total 49664K, used 24771K [0x000000077ae00000, 0x000000077de80000, 0x0000000780000000)
  object space 49664K, 49% used [0x000000077ae00000,0x000000077c630f90,0x000000077de80000)
}
Event: 3284.400 GC heap before
{Heap before GC invocations=44 (full 1):
 PSYoungGen      total 39936K, used 35840K [0x00000007d5500000, 0x00000007d8600000, 0x0000000800000000)
  eden space 29696K, 100% used [0x00000007d5500000,0x00000007d7200000,0x00000007d7200000)
  from space 10240K, 60% used [0x00000007d7c00000,0x00000007d8200000,0x00000007d8600000)
  to   space 10240K, 0% used [0x00000007d7200000,0x00000007d7200000,0x00000007d7c00000)
 ParOldGen       total 90624K, used 55552K [0x0000000780000000, 0x0000000785880000, 0x00000007d5500000)
  object space 90624K, 61% used [0x0000000780000000,0x0000000783640020,0x0000000785880000)
 PSPermGen       total 49664K, used 24771K [0x000000077ae00000, 0x000000077de80000, 0x0000000780000000)
  object space 49664K, 49% used [0x000000077ae00000,0x000000077c630f90,0x000000077de80000)
Event: 3284.415 GC heap after
Heap after GC invocations=44 (full 1):
 PSYoungGen      total 39936K, used 7680K [0x00000007d5500000, 0x00000007d8c80000, 0x0000000800000000)
  eden space 29696K, 0% used [0x00000007d5500000,0x00000007d5500000,0x00000007d7200000)
  from space 10240K, 75% used [0x00000007d7200000,0x00000007d7980000,0x00000007d7c00000)
  to   space 10240K, 0% used [0x00000007d8280000,0x00000007d8280000,0x00000007d8c80000)
 ParOldGen       total 90624K, used 56720K [0x0000000780000000, 0x0000000785880000, 0x00000007d5500000)
  object space 90624K, 62% used [0x0000000780000000,0x0000000783764020,0x0000000785880000)
 PSPermGen       total 49664K, used 24771K [0x000000077ae00000, 0x000000077de80000, 0x0000000780000000)
  object space 49664K, 49% used [0x000000077ae00000,0x000000077c630f90,0x000000077de80000)
}
Event: 3285.250 GC heap before
{Heap before GC invocations=45 (full 1):
 PSYoungGen      total 39936K, used 37376K [0x00000007d5500000, 0x00000007d8c80000, 0x0000000800000000)
  eden space 29696K, 100% used [0x00000007d5500000,0x00000007d7200000,0x00000007d7200000)
  from space 10240K, 75% used [0x00000007d7200000,0x00000007d7980000,0x00000007d7c00000)
  to   space 10240K, 0% used [0x00000007d8280000,0x00000007d8280000,0x00000007d8c80000)
 ParOldGen       total 90624K, used 56720K [0x0000000780000000, 0x0000000785880000, 0x00000007d5500000)
  object space 90624K, 62% used [0x0000000780000000,0x0000000783764020,0x0000000785880000)
 PSPermGen       total 49664K, used 24771K [0x000000077ae00000, 0x000000077de80000, 0x0000000780000000)
  object space 49664K, 49% used [0x000000077ae00000,0x000000077c630f90,0x000000077de80000)
Event: 3285.269 GC heap after
Heap after GC invocations=45 (full 1):
 PSYoungGen      total 46080K, used 7968K [0x00000007d5500000, 0x00000007d8d80000, 0x0000000800000000)
  eden space 35840K, 0% used [0x00000007d5500000,0x00000007d5500000,0x00000007d7800000)
  from space 10240K, 77% used [0x00000007d8280000,0x00000007d8a48000,0x00000007d8c80000)
  to   space 10752K, 0% used [0x00000007d7800000,0x00000007d7800000,0x00000007d8280000)
 ParOldGen       total 90624K, used 58216K [0x0000000780000000, 0x0000000785880000, 0x00000007d5500000)
  object space 90624K, 64% used [0x0000000780000000,0x00000007838da020,0x0000000785880000)
 PSPermGen       total 49664K, used 24771K [0x000000077ae00000, 0x000000077de80000, 0x0000000780000000)
  object space 49664K, 49% used [0x000000077ae00000,0x000000077c630f90,0x000000077de80000)
}
Event: 18099.605 GC heap before
{Heap before GC invocations=46 (full 1):
 PSYoungGen      total 46080K, used 42388K [0x00000007d5500000, 0x00000007d8d80000, 0x0000000800000000)
  eden space 35840K, 96% used [0x00000007d5500000,0x00000007d769d010,0x00000007d7800000)
  from space 10240K, 77% used [0x00000007d8280000,0x00000007d8a48000,0x00000007d8c80000)
  to   space 10752K, 0% used [0x00000007d7800000,0x00000007d7800000,0x00000007d8280000)
 ParOldGen       total 90624K, used 58216K [0x0000000780000000, 0x0000000785880000, 0x00000007d5500000)
  object space 90624K, 64% used [0x0000000780000000,0x00000007838da020,0x0000000785880000)
 PSPermGen       total 49664K, used 24777K [0x000000077ae00000, 0x000000077de80000, 0x0000000780000000)
  object space 49664K, 49% used [0x000000077ae00000,0x000000077c632590,0x000000077de80000)
Event: 18099.633 GC heap after
Heap after GC invocations=46 (full 1):
 PSYoungGen      total 46592K, used 10541K [0x00000007d5500000, 0x00000007d9700000, 0x0000000800000000)
  eden space 35840K, 0% used [0x00000007d5500000,0x00000007d5500000,0x00000007d7800000)
  from space 10752K, 98% used [0x00000007d7800000,0x00000007d824b738,0x00000007d8280000)
  to   space 11776K, 0% used [0x00000007d8b80000,0x00000007d8b80000,0x00000007d9700000)
 ParOldGen       total 90624K, used 74066K [0x0000000780000000, 0x0000000785880000, 0x00000007d5500000)
  object space 90624K, 81% used [0x0000000780000000,0x0000000784854a40,0x0000000785880000)
 PSPermGen       total 49664K, used 24777K [0x000000077ae00000, 0x000000077de80000, 0x0000000780000000)
  object space 49664K, 49% used [0x000000077ae00000,0x000000077c632590,0x000000077de80000)
}

