# JRE version: Java(TM) SE Runtime Environment (7.0_79-b15) (build 1.7.0_79-b15)
# Java VM: Java HotSpot(TM) 64-Bit Server VM (24.79-b02 mixed mode bsd-amd64 compressed oops)
Heap
 PSYoungGen      total 31744K, used 7266K [0x00000007d5500000, 0x00000007da400000, 0x0000000800000000)
  eden space 24576K, 29% used [0x00000007d5500000,0x00000007d5c18b70,0x00000007d6d00000)
  from space 7168K, 0% used [0x00000007d7580000,0x00000007d7580000,0x00000007d7c80000)
  to   space 28160K, 0% used [0x00000007d8880000,0x00000007d8880000,0x00000007da400000)
 ParOldGen       total 78336K, used 24283K [0x0000000780000000, 0x0000000784c80000, 0x00000007d5500000)
  object space 78336K, 30% used [0x0000000780000000,0x00000007817b6cc8,0x0000000784c80000)
 PSPermGen       total 48128K, used 23877K [0x000000077ae00000, 0x000000077dd00000, 0x0000000780000000)
  object space 48128K, 49% used [0x000000077ae00000,0x000000077c551740,0x000000077dd00000)
GC Heap History (10 events):
Event: 751.701 GC heap before
{Heap before GC invocations=12 (full 0):
 PSYoungGen      total 31744K, used 28927K [0x00000007d5500000, 0x00000007d9780000, 0x0000000800000000)
  eden space 29184K, 90% used [0x00000007d5500000,0x00000007d6ec0538,0x00000007d7180000)
  from space 2560K, 99% used [0x00000007d7f80000,0x00000007d81ff8a8,0x00000007d8200000)
  to   space 19456K, 0% used [0x00000007d8480000,0x00000007d8480000,0x00000007d9780000)
 ParOldGen       total 87040K, used 38234K [0x0000000780000000, 0x0000000785500000, 0x00000007d5500000)
  object space 87040K, 43% used [0x0000000780000000,0x0000000782556868,0x0000000785500000)
 PSPermGen       total 24064K, used 23868K [0x000000077ae00000, 0x000000077c580000, 0x0000000780000000)
  object space 24064K, 99% used [0x000000077ae00000,0x000000077c54f148,0x000000077c580000)
Event: 751.715 GC heap after
Heap after GC invocations=12 (full 0):
 PSYoungGen      total 45056K, used 19444K [0x00000007d5500000, 0x00000007d9e00000, 0x0000000800000000)
  eden space 25600K, 0% used [0x00000007d5500000,0x00000007d5500000,0x00000007d6e00000)
  from space 19456K, 99% used [0x00000007d8480000,0x00000007d977d1f0,0x00000007d9780000)
  to   space 23040K, 0% used [0x00000007d6e00000,0x00000007d6e00000,0x00000007d8480000)
 ParOldGen       total 87040K, used 40562K [0x0000000780000000, 0x0000000785500000, 0x00000007d5500000)
  object space 87040K, 46% used [0x0000000780000000,0x000000078279c868,0x0000000785500000)
 PSPermGen       total 24064K, used 23868K [0x000000077ae00000, 0x000000077c580000, 0x0000000780000000)
  object space 24064K, 99% used [0x000000077ae00000,0x000000077c54f148,0x000000077c580000)
}
Event: 751.893 GC heap before
{Heap before GC invocations=13 (full 0):
 PSYoungGen      total 45056K, used 42072K [0x00000007d5500000, 0x00000007d9e00000, 0x0000000800000000)
  eden space 25600K, 88% used [0x00000007d5500000,0x00000007d6b19050,0x00000007d6e00000)
  from space 19456K, 99% used [0x00000007d8480000,0x00000007d977d1f0,0x00000007d9780000)
  to   space 23040K, 0% used [0x00000007d6e00000,0x00000007d6e00000,0x00000007d8480000)
 ParOldGen       total 87040K, used 40562K [0x0000000780000000, 0x0000000785500000, 0x00000007d5500000)
  object space 87040K, 46% used [0x0000000780000000,0x000000078279c868,0x0000000785500000)
 PSPermGen       total 24064K, used 23891K [0x000000077ae00000, 0x000000077c580000, 0x0000000780000000)
  object space 24064K, 99% used [0x000000077ae00000,0x000000077c554f60,0x000000077c580000)
Event: 751.900 GC heap after
Heap after GC invocations=13 (full 0):
 PSYoungGen      total 48640K, used 20769K [0x00000007d5500000, 0x00000007daf00000, 0x0000000800000000)
  eden space 25600K, 0% used [0x00000007d5500000,0x00000007d5500000,0x00000007d6e00000)
  from space 23040K, 90% used [0x00000007d6e00000,0x00000007d8248580,0x00000007d8480000)
  to   space 25600K, 0% used [0x00000007d9600000,0x00000007d9600000,0x00000007daf00000)
 ParOldGen       total 87040K, used 41290K [0x0000000780000000, 0x0000000785500000, 0x00000007d5500000)
  object space 87040K, 47% used [0x0000000780000000,0x0000000782852868,0x0000000785500000)
 PSPermGen       total 24064K, used 23891K [0x000000077ae00000, 0x000000077c580000, 0x0000000780000000)
  object space 24064K, 99% used [0x000000077ae00000,0x000000077c554f60,0x000000077c580000)
}
Event: 6585.361 GC heap before
{Heap before GC invocations=14 (full 0):
 PSYoungGen      total 48640K, used 43896K [0x00000007d5500000, 0x00000007daf00000, 0x0000000800000000)
  eden space 25600K, 90% used [0x00000007d5500000,0x00000007d6b95b28,0x00000007d6e00000)
  from space 23040K, 90% used [0x00000007d6e00000,0x00000007d8248580,0x00000007d8480000)
  to   space 25600K, 0% used [0x00000007d9600000,0x00000007d9600000,0x00000007daf00000)
 ParOldGen       total 87040K, used 41290K [0x0000000780000000, 0x0000000785500000, 0x00000007d5500000)
  object space 87040K, 47% used [0x0000000780000000,0x0000000782852868,0x0000000785500000)
 PSPermGen       total 24064K, used 23903K [0x000000077ae00000, 0x000000077c580000, 0x0000000780000000)
  object space 24064K, 99% used [0x000000077ae00000,0x000000077c557ec0,0x000000077c580000)
Event: 6585.394 GC heap after
Heap after GC invocations=14 (full 0):
 PSYoungGen      total 49152K, used 23614K [0x00000007d5500000, 0x00000007dad80000, 0x0000000800000000)
  eden space 25088K, 0% used [0x00000007d5500000,0x00000007d5500000,0x00000007d6d80000)
  from space 24064K, 98% used [0x00000007d9600000,0x00000007dad0f9a0,0x00000007dad80000)
  to   space 28672K, 0% used [0x00000007d7580000,0x00000007d7580000,0x00000007d9180000)
 ParOldGen       total 87040K, used 54704K [0x0000000780000000, 0x0000000785500000, 0x00000007d5500000)
  object space 87040K, 62% used [0x0000000780000000,0x000000078356c378,0x0000000785500000)
 PSPermGen       total 24064K, used 23903K [0x000000077ae00000, 0x000000077c580000, 0x0000000780000000)
  object space 24064K, 99% used [0x000000077ae00000,0x000000077c557ec0,0x000000077c580000)
}
Event: 6588.138 GC heap before
{Heap before GC invocations=15 (full 0):
 PSYoungGen      total 49152K, used 44099K [0x00000007d5500000, 0x00000007dad80000, 0x0000000800000000)
  eden space 25088K, 81% used [0x00000007d5500000,0x00000007d6901618,0x00000007d6d80000)
  from space 24064K, 98% used [0x00000007d9600000,0x00000007dad0f9a0,0x00000007dad80000)
  to   space 28672K, 0% used [0x00000007d7580000,0x00000007d7580000,0x00000007d9180000)
 ParOldGen       total 87040K, used 54704K [0x0000000780000000, 0x0000000785500000, 0x00000007d5500000)
  object space 87040K, 62% used [0x0000000780000000,0x000000078356c378,0x0000000785500000)
 PSPermGen       total 24064K, used 23903K [0x000000077ae00000, 0x000000077c580000, 0x0000000780000000)
  object space 24064K, 99% used [0x000000077ae00000,0x000000077c557ec0,0x000000077c580000)
Event: 6588.171 GC heap after
Heap after GC invocations=15 (full 0):
 PSYoungGen      total 31744K, used 6884K [0x00000007d5500000, 0x00000007da400000, 0x0000000800000000)
  eden space 24576K, 0% used [0x00000007d5500000,0x00000007d5500000,0x00000007d6d00000)
  from space 7168K, 96% used [0x00000007d7580000,0x00000007d7c39388,0x00000007d7c80000)
  to   space 28160K, 0% used [0x00000007d8880000,0x00000007d8880000,0x00000007da400000)
 ParOldGen       total 87040K, used 77150K [0x0000000780000000, 0x0000000785500000, 0x00000007d5500000)
  object space 87040K, 88% used [0x0000000780000000,0x0000000784b57af8,0x0000000785500000)
 PSPermGen       total 24064K, used 23903K [0x000000077ae00000, 0x000000077c580000, 0x0000000780000000)
  object space 24064K, 99% used [0x000000077ae00000,0x000000077c557ec0,0x000000077c580000)
}
Event: 6588.171 GC heap before
{Heap before GC invocations=16 (full 1):
 PSYoungGen      total 31744K, used 6884K [0x00000007d5500000, 0x00000007da400000, 0x0000000800000000)
  eden space 24576K, 0% used [0x00000007d5500000,0x00000007d5500000,0x00000007d6d00000)
  from space 7168K, 96% used [0x00000007d7580000,0x00000007d7c39388,0x00000007d7c80000)
  to   space 28160K, 0% used [0x00000007d8880000,0x00000007d8880000,0x00000007da400000)
 ParOldGen       total 87040K, used 77150K [0x0000000780000000, 0x0000000785500000, 0x00000007d5500000)
  object space 87040K, 88% used [0x0000000780000000,0x0000000784b57af8,0x0000000785500000)
 PSPermGen       total 24064K, used 23903K [0x000000077ae00000, 0x000000077c580000, 0x0000000780000000)
  object space 24064K, 99% used [0x000000077ae00000,0x000000077c557ec0,0x000000077c580000)
Event: 6588.420 GC heap after
Heap after GC invocations=16 (full 1):
 PSYoungGen      total 31744K, used 0K [0x00000007d5500000, 0x00000007da400000, 0x0000000800000000)
  eden space 24576K, 0% used [0x00000007d5500000,0x00000007d5500000,0x00000007d6d00000)
  from space 7168K, 0% used [0x00000007d7580000,0x00000007d7580000,0x00000007d7c80000)
  to   space 28160K, 0% used [0x00000007d8880000,0x00000007d8880000,0x00000007da400000)
 ParOldGen       total 78336K, used 24283K [0x0000000780000000, 0x0000000784c80000, 0x00000007d5500000)
  object space 78336K, 30% used [0x0000000780000000,0x00000007817b6cc8,0x0000000784c80000)
 PSPermGen       total 48128K, used 23876K [0x000000077ae00000, 0x000000077dd00000, 0x0000000780000000)
  object space 48128K, 49% used [0x000000077ae00000,0x000000077c5510a0,0x000000077dd00000)
}

