# JRE version: Java(TM) SE Runtime Environment (7.0_79-b15) (build 1.7.0_79-b15)
# Java VM: Java HotSpot(TM) 64-Bit Server VM (24.79-b02 mixed mode bsd-amd64 compressed oops)
Heap
 PSYoungGen      total 38912K, used 6683K [0x00000007d5500000, 0x00000007d8000000, 0x0000000800000000)
  eden space 33792K, 4% used [0x00000007d5500000,0x00000007d568a920,0x00000007d7600000)
  from space 5120K, 99% used [0x00000007d7b00000,0x00000007d7ffc420,0x00000007d8000000)
  to   space 5120K, 0% used [0x00000007d7600000,0x00000007d7600000,0x00000007d7b00000)
 ParOldGen       total 87040K, used 26513K [0x0000000780000000, 0x0000000785500000, 0x00000007d5500000)
  object space 87040K, 30% used [0x0000000780000000,0x00000007819e46e8,0x0000000785500000)
 PSPermGen       total 23040K, used 22836K [0x000000077ae00000, 0x000000077c480000, 0x0000000780000000)
  object space 23040K, 99% used [0x000000077ae00000,0x000000077c44d2f0,0x000000077c480000)
GC Heap History (8 events):
Event: 1.975 GC heap before
{Heap before GC invocations=1 (full 0):
 PSYoungGen      total 38912K, used 33792K [0x00000007d5500000, 0x00000007d8000000, 0x0000000800000000)
  eden space 33792K, 100% used [0x00000007d5500000,0x00000007d7600000,0x00000007d7600000)
  from space 5120K, 0% used [0x00000007d7b00000,0x00000007d7b00000,0x00000007d8000000)
  to   space 5120K, 0% used [0x00000007d7600000,0x00000007d7600000,0x00000007d7b00000)
 ParOldGen       total 87040K, used 0K [0x0000000780000000, 0x0000000785500000, 0x00000007d5500000)
  object space 87040K, 0% used [0x0000000780000000,0x0000000780000000,0x0000000785500000)
 PSPermGen       total 21504K, used 17262K [0x000000077ae00000, 0x000000077c300000, 0x0000000780000000)
  object space 21504K, 80% used [0x000000077ae00000,0x000000077bedbbd0,0x000000077c300000)
Event: 1.984 GC heap after
Heap after GC invocations=1 (full 0):
 PSYoungGen      total 38912K, used 5117K [0x00000007d5500000, 0x00000007d8000000, 0x0000000800000000)
  eden space 33792K, 0% used [0x00000007d5500000,0x00000007d5500000,0x00000007d7600000)
  from space 5120K, 99% used [0x00000007d7600000,0x00000007d7aff6f8,0x00000007d7b00000)
  to   space 5120K, 0% used [0x00000007d7b00000,0x00000007d7b00000,0x00000007d8000000)
 ParOldGen       total 87040K, used 5805K [0x0000000780000000, 0x0000000785500000, 0x00000007d5500000)
  object space 87040K, 6% used [0x0000000780000000,0x00000007805ab558,0x0000000785500000)
 PSPermGen       total 21504K, used 17262K [0x000000077ae00000, 0x000000077c300000, 0x0000000780000000)
  object space 21504K, 80% used [0x000000077ae00000,0x000000077bedbbd0,0x000000077c300000)
}
Event: 54.550 GC heap before
{Heap before GC invocations=2 (full 0):
 PSYoungGen      total 38912K, used 38909K [0x00000007d5500000, 0x00000007d8000000, 0x0000000800000000)
  eden space 33792K, 100% used [0x00000007d5500000,0x00000007d7600000,0x00000007d7600000)
  from space 5120K, 99% used [0x00000007d7600000,0x00000007d7aff6f8,0x00000007d7b00000)
  to   space 5120K, 0% used [0x00000007d7b00000,0x00000007d7b00000,0x00000007d8000000)
 ParOldGen       total 87040K, used 5805K [0x0000000780000000, 0x0000000785500000, 0x00000007d5500000)
  object space 87040K, 6% used [0x0000000780000000,0x00000007805ab558,0x0000000785500000)
 PSPermGen       total 23040K, used 22575K [0x000000077ae00000, 0x000000077c480000, 0x0000000780000000)
  object space 23040K, 97% used [0x000000077ae00000,0x000000077c40bf90,0x000000077c480000)
Event: 54.562 GC heap after
Heap after GC invocations=2 (full 0):
 PSYoungGen      total 38912K, used 5104K [0x00000007d5500000, 0x00000007d8000000, 0x0000000800000000)
  eden space 33792K, 0% used [0x00000007d5500000,0x00000007d5500000,0x00000007d7600000)
  from space 5120K, 99% used [0x00000007d7b00000,0x00000007d7ffc0b0,0x00000007d8000000)
  to   space 5120K, 0% used [0x00000007d7600000,0x00000007d7600000,0x00000007d7b00000)
 ParOldGen       total 87040K, used 13900K [0x0000000780000000, 0x0000000785500000, 0x00000007d5500000)
  object space 87040K, 15% used [0x0000000780000000,0x0000000780d93178,0x0000000785500000)
 PSPermGen       total 23040K, used 22575K [0x000000077ae00000, 0x000000077c480000, 0x0000000780000000)
  object space 23040K, 97% used [0x000000077ae00000,0x000000077c40bf90,0x000000077c480000)
}
Event: 1623.360 GC heap before
{Heap before GC invocations=3 (full 0):
 PSYoungGen      total 38912K, used 37736K [0x00000007d5500000, 0x00000007d8000000, 0x0000000800000000)
  eden space 33792K, 96% used [0x00000007d5500000,0x00000007d74de1b0,0x00000007d7600000)
  from space 5120K, 99% used [0x00000007d7b00000,0x00000007d7ffc0b0,0x00000007d8000000)
  to   space 5120K, 0% used [0x00000007d7600000,0x00000007d7600000,0x00000007d7b00000)
 ParOldGen       total 87040K, used 13900K [0x0000000780000000, 0x0000000785500000, 0x00000007d5500000)
  object space 87040K, 15% used [0x0000000780000000,0x0000000780d93178,0x0000000785500000)
 PSPermGen       total 23040K, used 22790K [0x000000077ae00000, 0x000000077c480000, 0x0000000780000000)
  object space 23040K, 98% used [0x000000077ae00000,0x000000077c441b90,0x000000077c480000)
Event: 1623.377 GC heap after
Heap after GC invocations=3 (full 0):
 PSYoungGen      total 38912K, used 5106K [0x00000007d5500000, 0x00000007d8000000, 0x0000000800000000)
  eden space 33792K, 0% used [0x00000007d5500000,0x00000007d5500000,0x00000007d7600000)
  from space 5120K, 99% used [0x00000007d7600000,0x00000007d7afc9d8,0x00000007d7b00000)
  to   space 5120K, 0% used [0x00000007d7b00000,0x00000007d7b00000,0x00000007d8000000)
 ParOldGen       total 87040K, used 21389K [0x0000000780000000, 0x0000000785500000, 0x00000007d5500000)
  object space 87040K, 24% used [0x0000000780000000,0x00000007814e3458,0x0000000785500000)
 PSPermGen       total 23040K, used 22790K [0x000000077ae00000, 0x000000077c480000, 0x0000000780000000)
  object space 23040K, 98% used [0x000000077ae00000,0x000000077c441b90,0x000000077c480000)
}
Event: 2068.021 GC heap before
{Heap before GC invocations=4 (full 0):
 PSYoungGen      total 38912K, used 37778K [0x00000007d5500000, 0x00000007d8000000, 0x0000000800000000)
  eden space 33792K, 96% used [0x00000007d5500000,0x00000007d74e81a8,0x00000007d7600000)
  from space 5120K, 99% used [0x00000007d7600000,0x00000007d7afc9d8,0x00000007d7b00000)
  to   space 5120K, 0% used [0x00000007d7b00000,0x00000007d7b00000,0x00000007d8000000)
 ParOldGen       total 87040K, used 21389K [0x0000000780000000, 0x0000000785500000, 0x00000007d5500000)
  object space 87040K, 24% used [0x0000000780000000,0x00000007814e3458,0x0000000785500000)
 PSPermGen       total 23040K, used 22836K [0x000000077ae00000, 0x000000077c480000, 0x0000000780000000)
  object space 23040K, 99% used [0x000000077ae00000,0x000000077c44d2f0,0x000000077c480000)
Event: 2068.032 GC heap after
Heap after GC invocations=4 (full 0):
 PSYoungGen      total 38912K, used 5105K [0x00000007d5500000, 0x00000007d8000000, 0x0000000800000000)
  eden space 33792K, 0% used [0x00000007d5500000,0x00000007d5500000,0x00000007d7600000)
  from space 5120K, 99% used [0x00000007d7b00000,0x00000007d7ffc420,0x00000007d8000000)
  to   space 5120K, 0% used [0x00000007d7600000,0x00000007d7600000,0x00000007d7b00000)
 ParOldGen       total 87040K, used 26513K [0x0000000780000000, 0x0000000785500000, 0x00000007d5500000)
  object space 87040K, 30% used [0x0000000780000000,0x00000007819e46e8,0x0000000785500000)
 PSPermGen       total 23040K, used 22836K [0x000000077ae00000, 0x000000077c480000, 0x0000000780000000)
  object space 23040K, 99% used [0x000000077ae00000,0x000000077c44d2f0,0x000000077c480000)
}

